
> @project-sunbird/telemetry-sdk@0.0.12 test D:\projects\TennisPlatform\git\sunbird-telemetry-sdk\js
> karma start karma.renderer.config.js

[33m14 03 2019 17:06:00.453:WARN [watcher]: [39mPattern "D:/projects/TennisPlatform/git/sunbird-telemetry-sdk/js/http-image/**/*" does not match any file.
[33m14 03 2019 17:06:00.463:WARN [watcher]: [39mPattern "D:/projects/TennisPlatform/git/sunbird-telemetry-sdk/js/node_modules/jquery/dist/jquery.min.js" does not match any file.
[32m14 03 2019 17:06:00.597:INFO [karma-server]: [39mKarma v3.1.4 server started at http://0.0.0.0:8081/
[32m14 03 2019 17:06:00.598:INFO [launcher]: [39mLaunching browsers PhantomJS with concurrency unlimited
[32m14 03 2019 17:06:00.613:INFO [launcher]: [39mStarting browser PhantomJS
[32m14 03 2019 17:06:04.629:INFO [PhantomJS 2.1.1 (Windows 8.0.0)]: [39mConnected on socket dhuBvXS8GHnOVAIUAAAA with id 25743393
[32m14 03 2019 17:06:05.385:INFO [PhantomJS 2.1.1 (Windows 8.0.0)]: [39mStarting tests 25743393
PhantomJS 2.1.1 (Windows 8.0.0): Executed 0 of 64[32m SUCCESS[39m (0 secs / 0 secs)
[91m14 03 2019 17:06:05.386:ERROR [PhantomJS 2.1.1 (Windows 8.0.0) | Telemetry tests, Telemetry ERROR | It should log telemetry error event]: [39mTypeError: undefined is not a constructor (evaluating 'new UAParser(value)') in http://localhost:8081/base/core/telemetryV3Interface.js?e83395f93be4fa57737eb02c3c56b2592921b61f (line 9)
preprocessor@http://localhost:8081/base/core/telemetryV3Interface.js?e83395f93be4fa57737eb02c3c56b2592921b61f:9:23672
addPreprocessedComponent@http://localhost:8081/base/libs/fingerprint2.min.js?2d7c7b57e6e46b1dff30f86f04761953eebde865:1317:41
chainComponents@http://localhost:8081/base/libs/fingerprint2.min.js?2d7c7b57e6e46b1dff30f86f04761953eebde865:1352:40
get@http://localhost:8081/base/libs/fingerprint2.min.js?2d7c7b57e6e46b1dff30f86f04761953eebde865:1357:22
getV18@http://localhost:8081/base/libs/fingerprint2.min.js?2d7c7b57e6e46b1dff30f86f04761953eebde865:1371:30
getFingerPrint@http://localhost:8081/base/core/telemetryV3Interface.js?e83395f93be4fa57737eb02c3c56b2592921b61f:9:24742
_dispatch@http://localhost:8081/base/core/telemetryV3Interface.js?e83395f93be4fa57737eb02c3c56b2592921b61f:9:15469
error@http://localhost:8081/base/core/telemetryV3Interface.js?e83395f93be4fa57737eb02c3c56b2592921b61f:9:7562
<Jasmine>
http://localhost:8081/base/test/spec/telemetryV3Interface.spec.js?107c1bfaec2609ce7a1bf88f23d342a48e3c847a:284:31
<Jasmine>
[1A[2K[31mPhantomJS 2.1.1 (Windows 8.0.0) Telemetry tests Telemetry ERROR It should log telemetry error event FAILED[39m
	TypeError: undefined is not a constructor (evaluating 'new UAParser(value)') in core/telemetryV3Interface.js (line 9)
	preprocessor@core/telemetryV3Interface.js:9:23672
	addPreprocessedComponent@libs/fingerprint2.min.js:1317:41
	chainComponents@libs/fingerprint2.min.js:1352:40
	get@libs/fingerprint2.min.js:1357:22
	getV18@libs/fingerprint2.min.js:1371:30
	getFingerPrint@core/telemetryV3Interface.js:9:24742
	_dispatch@core/telemetryV3Interface.js:9:15469
	error@core/telemetryV3Interface.js:9:7562
	<Jasmine>
	test/spec/telemetryV3Interface.spec.js:284:31
	<Jasmine>
PhantomJS 2.1.1 (Windows 8.0.0): Executed 1 of 64[31m (1 FAILED)[39m (0 secs / 0.028 secs)
[91m14 03 2019 17:06:05.419:ERROR [PhantomJS 2.1.1 (Windows 8.0.0) | Telemetry tests, Telemetry ERROR | It should return if the required data is unavailable]: [39mTypeError: undefined is not a constructor (evaluating 'new UAParser(value)') in http://localhost:8081/base/core/telemetryV3Interface.js?e83395f93be4fa57737eb02c3c56b2592921b61f (line 9)
preprocessor@http://localhost:8081/base/core/telemetryV3Interface.js?e83395f93be4fa57737eb02c3c56b2592921b61f:9:23672
addPreprocessedComponent@http://localhost:8081/base/libs/fingerprint2.min.js?2d7c7b57e6e46b1dff30f86f04761953eebde865:1317:41
chainComponents@http://localhost:8081/base/libs/fingerprint2.min.js?2d7c7b57e6e46b1dff30f86f04761953eebde865:1352:40
get@http://localhost:8081/base/libs/fingerprint2.min.js?2d7c7b57e6e46b1dff30f86f04761953eebde865:1357:22
getV18@http://localhost:8081/base/libs/fingerprint2.min.js?2d7c7b57e6e46b1dff30f86f04761953eebde865:1371:30
getFingerPrint@http://localhost:8081/base/core/telemetryV3Interface.js?e83395f93be4fa57737eb02c3c56b2592921b61f:9:24742
_dispatch@http://localhost:8081/base/core/telemetryV3Interface.js?e83395f93be4fa57737eb02c3c56b2592921b61f:9:15469
error@http://localhost:8081/base/core/telemetryV3Interface.js?e83395f93be4fa57737eb02c3c56b2592921b61f:9:7562
<Jasmine>
http://localhost:8081/base/test/spec/telemetryV3Interface.spec.js?107c1bfaec2609ce7a1bf88f23d342a48e3c847a:290:55
<Jasmine>
[1A[2K[31mPhantomJS 2.1.1 (Windows 8.0.0) Telemetry tests Telemetry ERROR It should return if the required data is unavailable FAILED[39m
	TypeError: undefined is not a constructor (evaluating 'new UAParser(value)') in core/telemetryV3Interface.js (line 9)
	preprocessor@core/telemetryV3Interface.js:9:23672
	addPreprocessedComponent@libs/fingerprint2.min.js:1317:41
	chainComponents@libs/fingerprint2.min.js:1352:40
	get@libs/fingerprint2.min.js:1357:22
	getV18@libs/fingerprint2.min.js:1371:30
	getFingerPrint@core/telemetryV3Interface.js:9:24742
	_dispatch@core/telemetryV3Interface.js:9:15469
	error@core/telemetryV3Interface.js:9:7562
	<Jasmine>
	test/spec/telemetryV3Interface.spec.js:290:55
	<Jasmine>
PhantomJS 2.1.1 (Windows 8.0.0): Executed 2 of 64[31m (2 FAILED)[39m (0 secs / 0.04 secs)
[91m14 03 2019 17:06:05.421:ERROR [PhantomJS 2.1.1 (Windows 8.0.0) | Telemetry tests, Telemetry ERROR | It should return if the plugin spec is invalid]: [39mTypeError: undefined is not a constructor (evaluating 'new UAParser(value)') in http://localhost:8081/base/core/telemetryV3Interface.js?e83395f93be4fa57737eb02c3c56b2592921b61f (line 9)
preprocessor@http://localhost:8081/base/core/telemetryV3Interface.js?e83395f93be4fa57737eb02c3c56b2592921b61f:9:23672
addPreprocessedComponent@http://localhost:8081/base/libs/fingerprint2.min.js?2d7c7b57e6e46b1dff30f86f04761953eebde865:1317:41
chainComponents@http://localhost:8081/base/libs/fingerprint2.min.js?2d7c7b57e6e46b1dff30f86f04761953eebde865:1352:40
get@http://localhost:8081/base/libs/fingerprint2.min.js?2d7c7b57e6e46b1dff30f86f04761953eebde865:1357:22
getV18@http://localhost:8081/base/libs/fingerprint2.min.js?2d7c7b57e6e46b1dff30f86f04761953eebde865:1371:30
getFingerPrint@http://localhost:8081/base/core/telemetryV3Interface.js?e83395f93be4fa57737eb02c3c56b2592921b61f:9:24742
_dispatch@http://localhost:8081/base/core/telemetryV3Interface.js?e83395f93be4fa57737eb02c3c56b2592921b61f:9:15469
error@http://localhost:8081/base/core/telemetryV3Interface.js?e83395f93be4fa57737eb02c3c56b2592921b61f:9:7562
<Jasmine>
http://localhost:8081/base/test/spec/telemetryV3Interface.spec.js?107c1bfaec2609ce7a1bf88f23d342a48e3c847a:304:55
<Jasmine>
[1A[2K[31mPhantomJS 2.1.1 (Windows 8.0.0) Telemetry tests Telemetry ERROR It should return if the plugin spec is invalid FAILED[39m
	TypeError: undefined is not a constructor (evaluating 'new UAParser(value)') in core/telemetryV3Interface.js (line 9)
	preprocessor@core/telemetryV3Interface.js:9:23672
	addPreprocessedComponent@libs/fingerprint2.min.js:1317:41
	chainComponents@libs/fingerprint2.min.js:1352:40
	get@libs/fingerprint2.min.js:1357:22
	getV18@libs/fingerprint2.min.js:1371:30
	getFingerPrint@core/telemetryV3Interface.js:9:24742
	_dispatch@core/telemetryV3Interface.js:9:15469
	error@core/telemetryV3Interface.js:9:7562
	<Jasmine>
	test/spec/telemetryV3Interface.spec.js:304:55
	<Jasmine>
PhantomJS 2.1.1 (Windows 8.0.0): Executed 3 of 64[31m (3 FAILED)[39m (0 secs / 0.053 secs)
[91m14 03 2019 17:06:05.421:ERROR [PhantomJS 2.1.1 (Windows 8.0.0) | Telemetry tests, Telemetry ERROR | It should return if the object spec is invalid]: [39mTypeError: undefined is not a constructor (evaluating 'new UAParser(value)') in http://localhost:8081/base/core/telemetryV3Interface.js?e83395f93be4fa57737eb02c3c56b2592921b61f (line 9)
preprocessor@http://localhost:8081/base/core/telemetryV3Interface.js?e83395f93be4fa57737eb02c3c56b2592921b61f:9:23672
addPreprocessedComponent@http://localhost:8081/base/libs/fingerprint2.min.js?2d7c7b57e6e46b1dff30f86f04761953eebde865:1317:41
chainComponents@http://localhost:8081/base/libs/fingerprint2.min.js?2d7c7b57e6e46b1dff30f86f04761953eebde865:1352:40
get@http://localhost:8081/base/libs/fingerprint2.min.js?2d7c7b57e6e46b1dff30f86f04761953eebde865:1357:22
getV18@http://localhost:8081/base/libs/fingerprint2.min.js?2d7c7b57e6e46b1dff30f86f04761953eebde865:1371:30
getFingerPrint@http://localhost:8081/base/core/telemetryV3Interface.js?e83395f93be4fa57737eb02c3c56b2592921b61f:9:24742
_dispatch@http://localhost:8081/base/core/telemetryV3Interface.js?e83395f93be4fa57737eb02c3c56b2592921b61f:9:15469
error@http://localhost:8081/base/core/telemetryV3Interface.js?e83395f93be4fa57737eb02c3c56b2592921b61f:9:7562
<Jasmine>
http://localhost:8081/base/test/spec/telemetryV3Interface.spec.js?107c1bfaec2609ce7a1bf88f23d342a48e3c847a:297:55
<Jasmine>
[1A[2K[31mPhantomJS 2.1.1 (Windows 8.0.0) Telemetry tests Telemetry ERROR It should return if the object spec is invalid FAILED[39m
	TypeError: undefined is not a constructor (evaluating 'new UAParser(value)') in core/telemetryV3Interface.js (line 9)
	preprocessor@core/telemetryV3Interface.js:9:23672
	addPreprocessedComponent@libs/fingerprint2.min.js:1317:41
	chainComponents@libs/fingerprint2.min.js:1352:40
	get@libs/fingerprint2.min.js:1357:22
	getV18@libs/fingerprint2.min.js:1371:30
	getFingerPrint@core/telemetryV3Interface.js:9:24742
	_dispatch@core/telemetryV3Interface.js:9:15469
	error@core/telemetryV3Interface.js:9:7562
	<Jasmine>
	test/spec/telemetryV3Interface.spec.js:297:55
	<Jasmine>
PhantomJS 2.1.1 (Windows 8.0.0): Executed 4 of 64[31m (4 FAILED)[39m (0 secs / 0.062 secs)
[91m14 03 2019 17:06:05.422:ERROR [PhantomJS 2.1.1 (Windows 8.0.0) | Telemetry tests, Telemetry LOG | It should return if the required data is unavailable]: [39mTypeError: undefined is not a constructor (evaluating 'new UAParser(value)') in http://localhost:8081/base/core/telemetryV3Interface.js?e83395f93be4fa57737eb02c3c56b2592921b61f (line 9)
preprocessor@http://localhost:8081/base/core/telemetryV3Interface.js?e83395f93be4fa57737eb02c3c56b2592921b61f:9:23672
addPreprocessedComponent@http://localhost:8081/base/libs/fingerprint2.min.js?2d7c7b57e6e46b1dff30f86f04761953eebde865:1317:41
chainComponents@http://localhost:8081/base/libs/fingerprint2.min.js?2d7c7b57e6e46b1dff30f86f04761953eebde865:1352:40
get@http://localhost:8081/base/libs/fingerprint2.min.js?2d7c7b57e6e46b1dff30f86f04761953eebde865:1357:22
getV18@http://localhost:8081/base/libs/fingerprint2.min.js?2d7c7b57e6e46b1dff30f86f04761953eebde865:1371:30
getFingerPrint@http://localhost:8081/base/core/telemetryV3Interface.js?e83395f93be4fa57737eb02c3c56b2592921b61f:9:24742
_dispatch@http://localhost:8081/base/core/telemetryV3Interface.js?e83395f93be4fa57737eb02c3c56b2592921b61f:9:15469
log@http://localhost:8081/base/core/telemetryV3Interface.js?e83395f93be4fa57737eb02c3c56b2592921b61f:9:8138
<Jasmine>
http://localhost:8081/base/test/spec/telemetryV3Interface.spec.js?107c1bfaec2609ce7a1bf88f23d342a48e3c847a:320:53
<Jasmine>
[1A[2K[31mPhantomJS 2.1.1 (Windows 8.0.0) Telemetry tests Telemetry LOG It should return if the required data is unavailable FAILED[39m
	TypeError: undefined is not a constructor (evaluating 'new UAParser(value)') in core/telemetryV3Interface.js (line 9)
	preprocessor@core/telemetryV3Interface.js:9:23672
	addPreprocessedComponent@libs/fingerprint2.min.js:1317:41
	chainComponents@libs/fingerprint2.min.js:1352:40
	get@libs/fingerprint2.min.js:1357:22
	getV18@libs/fingerprint2.min.js:1371:30
	getFingerPrint@core/telemetryV3Interface.js:9:24742
	_dispatch@core/telemetryV3Interface.js:9:15469
	log@core/telemetryV3Interface.js:9:8138
	<Jasmine>
	test/spec/telemetryV3Interface.spec.js:320:53
	<Jasmine>
PhantomJS 2.1.1 (Windows 8.0.0): Executed 5 of 64[31m (5 FAILED)[39m (0 secs / 0.072 secs)
[91m14 03 2019 17:06:05.445:ERROR [PhantomJS 2.1.1 (Windows 8.0.0) | Telemetry tests, Telemetry LOG | It should log telemetry log event]: [39mTypeError: undefined is not a constructor (evaluating 'new UAParser(value)') in http://localhost:8081/base/core/telemetryV3Interface.js?e83395f93be4fa57737eb02c3c56b2592921b61f (line 9)
preprocessor@http://localhost:8081/base/core/telemetryV3Interface.js?e83395f93be4fa57737eb02c3c56b2592921b61f:9:23672
addPreprocessedComponent@http://localhost:8081/base/libs/fingerprint2.min.js?2d7c7b57e6e46b1dff30f86f04761953eebde865:1317:41
chainComponents@http://localhost:8081/base/libs/fingerprint2.min.js?2d7c7b57e6e46b1dff30f86f04761953eebde865:1352:40
get@http://localhost:8081/base/libs/fingerprint2.min.js?2d7c7b57e6e46b1dff30f86f04761953eebde865:1357:22
getV18@http://localhost:8081/base/libs/fingerprint2.min.js?2d7c7b57e6e46b1dff30f86f04761953eebde865:1371:30
getFingerPrint@http://localhost:8081/base/core/telemetryV3Interface.js?e83395f93be4fa57737eb02c3c56b2592921b61f:9:24742
_dispatch@http://localhost:8081/base/core/telemetryV3Interface.js?e83395f93be4fa57737eb02c3c56b2592921b61f:9:15469
log@http://localhost:8081/base/core/telemetryV3Interface.js?e83395f93be4fa57737eb02c3c56b2592921b61f:9:8138
<Jasmine>
http://localhost:8081/base/test/spec/telemetryV3Interface.spec.js?107c1bfaec2609ce7a1bf88f23d342a48e3c847a:314:29
<Jasmine>
[1A[2K[31mPhantomJS 2.1.1 (Windows 8.0.0) Telemetry tests Telemetry LOG It should log telemetry log event FAILED[39m
	TypeError: undefined is not a constructor (evaluating 'new UAParser(value)') in core/telemetryV3Interface.js (line 9)
	preprocessor@core/telemetryV3Interface.js:9:23672
	addPreprocessedComponent@libs/fingerprint2.min.js:1317:41
	chainComponents@libs/fingerprint2.min.js:1352:40
	get@libs/fingerprint2.min.js:1357:22
	getV18@libs/fingerprint2.min.js:1371:30
	getFingerPrint@core/telemetryV3Interface.js:9:24742
	_dispatch@core/telemetryV3Interface.js:9:15469
	log@core/telemetryV3Interface.js:9:8138
	<Jasmine>
	test/spec/telemetryV3Interface.spec.js:314:29
	<Jasmine>
PhantomJS 2.1.1 (Windows 8.0.0): Executed 6 of 64[31m (6 FAILED)[39m (0 secs / 0.084 secs)
[91m14 03 2019 17:06:05.446:ERROR [PhantomJS 2.1.1 (Windows 8.0.0) | Telemetry tests, Telemetry AUDIT | It should log telemetry audit event]: [39mTypeError: undefined is not a constructor (evaluating 'new UAParser(value)') in http://localhost:8081/base/core/telemetryV3Interface.js?e83395f93be4fa57737eb02c3c56b2592921b61f (line 9)
preprocessor@http://localhost:8081/base/core/telemetryV3Interface.js?e83395f93be4fa57737eb02c3c56b2592921b61f:9:23672
addPreprocessedComponent@http://localhost:8081/base/libs/fingerprint2.min.js?2d7c7b57e6e46b1dff30f86f04761953eebde865:1317:41
chainComponents@http://localhost:8081/base/libs/fingerprint2.min.js?2d7c7b57e6e46b1dff30f86f04761953eebde865:1352:40
get@http://localhost:8081/base/libs/fingerprint2.min.js?2d7c7b57e6e46b1dff30f86f04761953eebde865:1357:22
getV18@http://localhost:8081/base/libs/fingerprint2.min.js?2d7c7b57e6e46b1dff30f86f04761953eebde865:1371:30
getFingerPrint@http://localhost:8081/base/core/telemetryV3Interface.js?e83395f93be4fa57737eb02c3c56b2592921b61f:9:24742
_dispatch@http://localhost:8081/base/core/telemetryV3Interface.js?e83395f93be4fa57737eb02c3c56b2592921b61f:9:15469
audit@http://localhost:8081/base/core/telemetryV3Interface.js?e83395f93be4fa57737eb02c3c56b2592921b61f:9:7277
<Jasmine>
http://localhost:8081/base/test/spec/telemetryV3Interface.spec.js?107c1bfaec2609ce7a1bf88f23d342a48e3c847a:268:31
<Jasmine>
[1A[2K[31mPhantomJS 2.1.1 (Windows 8.0.0) Telemetry tests Telemetry AUDIT It should log telemetry audit event FAILED[39m
	TypeError: undefined is not a constructor (evaluating 'new UAParser(value)') in core/telemetryV3Interface.js (line 9)
	preprocessor@core/telemetryV3Interface.js:9:23672
	addPreprocessedComponent@libs/fingerprint2.min.js:1317:41
	chainComponents@libs/fingerprint2.min.js:1352:40
	get@libs/fingerprint2.min.js:1357:22
	getV18@libs/fingerprint2.min.js:1371:30
	getFingerPrint@core/telemetryV3Interface.js:9:24742
	_dispatch@core/telemetryV3Interface.js:9:15469
	audit@core/telemetryV3Interface.js:9:7277
	<Jasmine>
	test/spec/telemetryV3Interface.spec.js:268:31
	<Jasmine>
PhantomJS 2.1.1 (Windows 8.0.0): Executed 7 of 64[31m (7 FAILED)[39m (0 secs / 0.094 secs)
[91m14 03 2019 17:06:05.469:ERROR [PhantomJS 2.1.1 (Windows 8.0.0) | Telemetry tests, Telemetry AUDIT | It should return if the required data is unavailable]: [39mTypeError: undefined is not a constructor (evaluating 'new UAParser(value)') in http://localhost:8081/base/core/telemetryV3Interface.js?e83395f93be4fa57737eb02c3c56b2592921b61f (line 9)
preprocessor@http://localhost:8081/base/core/telemetryV3Interface.js?e83395f93be4fa57737eb02c3c56b2592921b61f:9:23672
addPreprocessedComponent@http://localhost:8081/base/libs/fingerprint2.min.js?2d7c7b57e6e46b1dff30f86f04761953eebde865:1317:41
chainComponents@http://localhost:8081/base/libs/fingerprint2.min.js?2d7c7b57e6e46b1dff30f86f04761953eebde865:1352:40
get@http://localhost:8081/base/libs/fingerprint2.min.js?2d7c7b57e6e46b1dff30f86f04761953eebde865:1357:22
getV18@http://localhost:8081/base/libs/fingerprint2.min.js?2d7c7b57e6e46b1dff30f86f04761953eebde865:1371:30
getFingerPrint@http://localhost:8081/base/core/telemetryV3Interface.js?e83395f93be4fa57737eb02c3c56b2592921b61f:9:24742
_dispatch@http://localhost:8081/base/core/telemetryV3Interface.js?e83395f93be4fa57737eb02c3c56b2592921b61f:9:15469
audit@http://localhost:8081/base/core/telemetryV3Interface.js?e83395f93be4fa57737eb02c3c56b2592921b61f:9:7277
<Jasmine>
http://localhost:8081/base/test/spec/telemetryV3Interface.spec.js?107c1bfaec2609ce7a1bf88f23d342a48e3c847a:274:55
<Jasmine>
[1A[2K[31mPhantomJS 2.1.1 (Windows 8.0.0) Telemetry tests Telemetry AUDIT It should return if the required data is unavailable FAILED[39m
	TypeError: undefined is not a constructor (evaluating 'new UAParser(value)') in core/telemetryV3Interface.js (line 9)
	preprocessor@core/telemetryV3Interface.js:9:23672
	addPreprocessedComponent@libs/fingerprint2.min.js:1317:41
	chainComponents@libs/fingerprint2.min.js:1352:40
	get@libs/fingerprint2.min.js:1357:22
	getV18@libs/fingerprint2.min.js:1371:30
	getFingerPrint@core/telemetryV3Interface.js:9:24742
	_dispatch@core/telemetryV3Interface.js:9:15469
	audit@core/telemetryV3Interface.js:9:7277
	<Jasmine>
	test/spec/telemetryV3Interface.spec.js:274:55
	<Jasmine>
PhantomJS 2.1.1 (Windows 8.0.0): Executed 8 of 64[31m (8 FAILED)[39m (0 secs / 0.105 secs)
[91m14 03 2019 17:06:05.470:ERROR [PhantomJS 2.1.1 (Windows 8.0.0) | Telemetry tests, Telemetry FEEDBACK | It should log telemetry feedback event]: [39mTypeError: undefined is not a constructor (evaluating 'new UAParser(value)') in http://localhost:8081/base/core/telemetryV3Interface.js?e83395f93be4fa57737eb02c3c56b2592921b61f (line 9)
preprocessor@http://localhost:8081/base/core/telemetryV3Interface.js?e83395f93be4fa57737eb02c3c56b2592921b61f:9:23672
addPreprocessedComponent@http://localhost:8081/base/libs/fingerprint2.min.js?2d7c7b57e6e46b1dff30f86f04761953eebde865:1317:41
chainComponents@http://localhost:8081/base/libs/fingerprint2.min.js?2d7c7b57e6e46b1dff30f86f04761953eebde865:1352:40
get@http://localhost:8081/base/libs/fingerprint2.min.js?2d7c7b57e6e46b1dff30f86f04761953eebde865:1357:22
getV18@http://localhost:8081/base/libs/fingerprint2.min.js?2d7c7b57e6e46b1dff30f86f04761953eebde865:1371:30
getFingerPrint@http://localhost:8081/base/core/telemetryV3Interface.js?e83395f93be4fa57737eb02c3c56b2592921b61f:9:24742
_dispatch@http://localhost:8081/base/core/telemetryV3Interface.js?e83395f93be4fa57737eb02c3c56b2592921b61f:9:15469
feedback@http://localhost:8081/base/core/telemetryV3Interface.js?e83395f93be4fa57737eb02c3c56b2592921b61f:9:6701
<Jasmine>
http://localhost:8081/base/test/spec/telemetryV3Interface.spec.js?107c1bfaec2609ce7a1bf88f23d342a48e3c847a:236:34
<Jasmine>
[1A[2K[31mPhantomJS 2.1.1 (Windows 8.0.0) Telemetry tests Telemetry FEEDBACK It should log telemetry feedback event FAILED[39m
	TypeError: undefined is not a constructor (evaluating 'new UAParser(value)') in core/telemetryV3Interface.js (line 9)
	preprocessor@core/telemetryV3Interface.js:9:23672
	addPreprocessedComponent@libs/fingerprint2.min.js:1317:41
	chainComponents@libs/fingerprint2.min.js:1352:40
	get@libs/fingerprint2.min.js:1357:22
	getV18@libs/fingerprint2.min.js:1371:30
	getFingerPrint@core/telemetryV3Interface.js:9:24742
	_dispatch@core/telemetryV3Interface.js:9:15469
	feedback@core/telemetryV3Interface.js:9:6701
	<Jasmine>
	test/spec/telemetryV3Interface.spec.js:236:34
	<Jasmine>
PhantomJS 2.1.1 (Windows 8.0.0): Executed 9 of 64[31m (9 FAILED)[39m (0 secs / 0.115 secs)
[91m14 03 2019 17:06:05.502:ERROR [PhantomJS 2.1.1 (Windows 8.0.0) | Telemetry tests, Telemetry FEEDBACK | It should take default feedback values]: [39mTypeError: undefined is not a constructor (evaluating 'new UAParser(value)') in http://localhost:8081/base/core/telemetryV3Interface.js?e83395f93be4fa57737eb02c3c56b2592921b61f (line 9)
preprocessor@http://localhost:8081/base/core/telemetryV3Interface.js?e83395f93be4fa57737eb02c3c56b2592921b61f:9:23672
addPreprocessedComponent@http://localhost:8081/base/libs/fingerprint2.min.js?2d7c7b57e6e46b1dff30f86f04761953eebde865:1317:41
chainComponents@http://localhost:8081/base/libs/fingerprint2.min.js?2d7c7b57e6e46b1dff30f86f04761953eebde865:1352:40
get@http://localhost:8081/base/libs/fingerprint2.min.js?2d7c7b57e6e46b1dff30f86f04761953eebde865:1357:22
getV18@http://localhost:8081/base/libs/fingerprint2.min.js?2d7c7b57e6e46b1dff30f86f04761953eebde865:1371:30
getFingerPrint@http://localhost:8081/base/core/telemetryV3Interface.js?e83395f93be4fa57737eb02c3c56b2592921b61f:9:24742
_dispatch@http://localhost:8081/base/core/telemetryV3Interface.js?e83395f93be4fa57737eb02c3c56b2592921b61f:9:15469
feedback@http://localhost:8081/base/core/telemetryV3Interface.js?e83395f93be4fa57737eb02c3c56b2592921b61f:9:6701
<Jasmine>
http://localhost:8081/base/test/spec/telemetryV3Interface.spec.js?107c1bfaec2609ce7a1bf88f23d342a48e3c847a:242:34
<Jasmine>
[1A[2K[31mPhantomJS 2.1.1 (Windows 8.0.0) Telemetry tests Telemetry FEEDBACK It should take default feedback values FAILED[39m
	TypeError: undefined is not a constructor (evaluating 'new UAParser(value)') in core/telemetryV3Interface.js (line 9)
	preprocessor@core/telemetryV3Interface.js:9:23672
	addPreprocessedComponent@libs/fingerprint2.min.js:1317:41
	chainComponents@libs/fingerprint2.min.js:1352:40
	get@libs/fingerprint2.min.js:1357:22
	getV18@libs/fingerprint2.min.js:1371:30
	getFingerPrint@core/telemetryV3Interface.js:9:24742
	_dispatch@core/telemetryV3Interface.js:9:15469
	feedback@core/telemetryV3Interface.js:9:6701
	<Jasmine>
	test/spec/telemetryV3Interface.spec.js:242:34
	<Jasmine>
PhantomJS 2.1.1 (Windows 8.0.0): Executed 10 of 64[31m (10 FAILED)[39m (0 secs / 0.128 secs)
[91m14 03 2019 17:06:05.504:ERROR [PhantomJS 2.1.1 (Windows 8.0.0) | Telemetry tests, Telemetry SHARE | It should log telemetry share event]: [39mTypeError: undefined is not a constructor (evaluating 'new UAParser(value)') in http://localhost:8081/base/core/telemetryV3Interface.js?e83395f93be4fa57737eb02c3c56b2592921b61f (line 9)
preprocessor@http://localhost:8081/base/core/telemetryV3Interface.js?e83395f93be4fa57737eb02c3c56b2592921b61f:9:23672
addPreprocessedComponent@http://localhost:8081/base/libs/fingerprint2.min.js?2d7c7b57e6e46b1dff30f86f04761953eebde865:1317:41
chainComponents@http://localhost:8081/base/libs/fingerprint2.min.js?2d7c7b57e6e46b1dff30f86f04761953eebde865:1352:40
get@http://localhost:8081/base/libs/fingerprint2.min.js?2d7c7b57e6e46b1dff30f86f04761953eebde865:1357:22
getV18@http://localhost:8081/base/libs/fingerprint2.min.js?2d7c7b57e6e46b1dff30f86f04761953eebde865:1371:30
getFingerPrint@http://localhost:8081/base/core/telemetryV3Interface.js?e83395f93be4fa57737eb02c3c56b2592921b61f:9:24742
_dispatch@http://localhost:8081/base/core/telemetryV3Interface.js?e83395f93be4fa57737eb02c3c56b2592921b61f:9:15469
share@http://localhost:8081/base/core/telemetryV3Interface.js?e83395f93be4fa57737eb02c3c56b2592921b61f:9:6992
<Jasmine>
http://localhost:8081/base/test/spec/telemetryV3Interface.spec.js?107c1bfaec2609ce7a1bf88f23d342a48e3c847a:252:31
<Jasmine>
[1A[2K[31mPhantomJS 2.1.1 (Windows 8.0.0) Telemetry tests Telemetry SHARE It should log telemetry share event FAILED[39m
	TypeError: undefined is not a constructor (evaluating 'new UAParser(value)') in core/telemetryV3Interface.js (line 9)
	preprocessor@core/telemetryV3Interface.js:9:23672
	addPreprocessedComponent@libs/fingerprint2.min.js:1317:41
	chainComponents@libs/fingerprint2.min.js:1352:40
	get@libs/fingerprint2.min.js:1357:22
	getV18@libs/fingerprint2.min.js:1371:30
	getFingerPrint@core/telemetryV3Interface.js:9:24742
	_dispatch@core/telemetryV3Interface.js:9:15469
	share@core/telemetryV3Interface.js:9:6992
	<Jasmine>
	test/spec/telemetryV3Interface.spec.js:252:31
	<Jasmine>
PhantomJS 2.1.1 (Windows 8.0.0): Executed 11 of 64[31m (11 FAILED)[39m (0 secs / 0.137 secs)
[91m14 03 2019 17:06:05.504:ERROR [PhantomJS 2.1.1 (Windows 8.0.0) | Telemetry tests, Telemetry SHARE | It should return if the required data is unavailable]: [39mTypeError: undefined is not a constructor (evaluating 'new UAParser(value)') in http://localhost:8081/base/core/telemetryV3Interface.js?e83395f93be4fa57737eb02c3c56b2592921b61f (line 9)
preprocessor@http://localhost:8081/base/core/telemetryV3Interface.js?e83395f93be4fa57737eb02c3c56b2592921b61f:9:23672
addPreprocessedComponent@http://localhost:8081/base/libs/fingerprint2.min.js?2d7c7b57e6e46b1dff30f86f04761953eebde865:1317:41
chainComponents@http://localhost:8081/base/libs/fingerprint2.min.js?2d7c7b57e6e46b1dff30f86f04761953eebde865:1352:40
get@http://localhost:8081/base/libs/fingerprint2.min.js?2d7c7b57e6e46b1dff30f86f04761953eebde865:1357:22
getV18@http://localhost:8081/base/libs/fingerprint2.min.js?2d7c7b57e6e46b1dff30f86f04761953eebde865:1371:30
getFingerPrint@http://localhost:8081/base/core/telemetryV3Interface.js?e83395f93be4fa57737eb02c3c56b2592921b61f:9:24742
_dispatch@http://localhost:8081/base/core/telemetryV3Interface.js?e83395f93be4fa57737eb02c3c56b2592921b61f:9:15469
share@http://localhost:8081/base/core/telemetryV3Interface.js?e83395f93be4fa57737eb02c3c56b2592921b61f:9:6992
<Jasmine>
http://localhost:8081/base/test/spec/telemetryV3Interface.spec.js?107c1bfaec2609ce7a1bf88f23d342a48e3c847a:258:55
<Jasmine>
[1A[2K[31mPhantomJS 2.1.1 (Windows 8.0.0) Telemetry tests Telemetry SHARE It should return if the required data is unavailable FAILED[39m
	TypeError: undefined is not a constructor (evaluating 'new UAParser(value)') in core/telemetryV3Interface.js (line 9)
	preprocessor@core/telemetryV3Interface.js:9:23672
	addPreprocessedComponent@libs/fingerprint2.min.js:1317:41
	chainComponents@libs/fingerprint2.min.js:1352:40
	get@libs/fingerprint2.min.js:1357:22
	getV18@libs/fingerprint2.min.js:1371:30
	getFingerPrint@core/telemetryV3Interface.js:9:24742
	_dispatch@core/telemetryV3Interface.js:9:15469
	share@core/telemetryV3Interface.js:9:6992
	<Jasmine>
	test/spec/telemetryV3Interface.spec.js:258:55
	<Jasmine>
PhantomJS 2.1.1 (Windows 8.0.0): Executed 12 of 64[31m (12 FAILED)[39m (0 secs / 0.146 secs)
[91m14 03 2019 17:06:05.527:ERROR [PhantomJS 2.1.1 (Windows 8.0.0) | Telemetry tests, Telemetry INTERRUPT | It should log telemetry interrupt event]: [39mTypeError: undefined is not a constructor (evaluating 'new UAParser(value)') in http://localhost:8081/base/core/telemetryV3Interface.js?e83395f93be4fa57737eb02c3c56b2592921b61f (line 9)
preprocessor@http://localhost:8081/base/core/telemetryV3Interface.js?e83395f93be4fa57737eb02c3c56b2592921b61f:9:23672
addPreprocessedComponent@http://localhost:8081/base/libs/fingerprint2.min.js?2d7c7b57e6e46b1dff30f86f04761953eebde865:1317:41
chainComponents@http://localhost:8081/base/libs/fingerprint2.min.js?2d7c7b57e6e46b1dff30f86f04761953eebde865:1352:40
get@http://localhost:8081/base/libs/fingerprint2.min.js?2d7c7b57e6e46b1dff30f86f04761953eebde865:1357:22
getV18@http://localhost:8081/base/libs/fingerprint2.min.js?2d7c7b57e6e46b1dff30f86f04761953eebde865:1371:30
getFingerPrint@http://localhost:8081/base/core/telemetryV3Interface.js?e83395f93be4fa57737eb02c3c56b2592921b61f:9:24742
_dispatch@http://localhost:8081/base/core/telemetryV3Interface.js?e83395f93be4fa57737eb02c3c56b2592921b61f:9:15469
interrupt@http://localhost:8081/base/core/telemetryV3Interface.js?e83395f93be4fa57737eb02c3c56b2592921b61f:9:6220
<Jasmine>
http://localhost:8081/base/test/spec/telemetryV3Interface.spec.js?107c1bfaec2609ce7a1bf88f23d342a48e3c847a:220:35
<Jasmine>
[1A[2K[31mPhantomJS 2.1.1 (Windows 8.0.0) Telemetry tests Telemetry INTERRUPT It should log telemetry interrupt event FAILED[39m
	TypeError: undefined is not a constructor (evaluating 'new UAParser(value)') in core/telemetryV3Interface.js (line 9)
	preprocessor@core/telemetryV3Interface.js:9:23672
	addPreprocessedComponent@libs/fingerprint2.min.js:1317:41
	chainComponents@libs/fingerprint2.min.js:1352:40
	get@libs/fingerprint2.min.js:1357:22
	getV18@libs/fingerprint2.min.js:1371:30
	getFingerPrint@core/telemetryV3Interface.js:9:24742
	_dispatch@core/telemetryV3Interface.js:9:15469
	interrupt@core/telemetryV3Interface.js:9:6220
	<Jasmine>
	test/spec/telemetryV3Interface.spec.js:220:35
	<Jasmine>
PhantomJS 2.1.1 (Windows 8.0.0): Executed 13 of 64[31m (13 FAILED)[39m (0 secs / 0.157 secs)
[91m14 03 2019 17:06:05.528:ERROR [PhantomJS 2.1.1 (Windows 8.0.0) | Telemetry tests, Telemetry INTERRUPT | It should return if the required data is unavailable]: [39mTypeError: undefined is not a constructor (evaluating 'new UAParser(value)') in http://localhost:8081/base/core/telemetryV3Interface.js?e83395f93be4fa57737eb02c3c56b2592921b61f (line 9)
preprocessor@http://localhost:8081/base/core/telemetryV3Interface.js?e83395f93be4fa57737eb02c3c56b2592921b61f:9:23672
addPreprocessedComponent@http://localhost:8081/base/libs/fingerprint2.min.js?2d7c7b57e6e46b1dff30f86f04761953eebde865:1317:41
chainComponents@http://localhost:8081/base/libs/fingerprint2.min.js?2d7c7b57e6e46b1dff30f86f04761953eebde865:1352:40
get@http://localhost:8081/base/libs/fingerprint2.min.js?2d7c7b57e6e46b1dff30f86f04761953eebde865:1357:22
getV18@http://localhost:8081/base/libs/fingerprint2.min.js?2d7c7b57e6e46b1dff30f86f04761953eebde865:1371:30
getFingerPrint@http://localhost:8081/base/core/telemetryV3Interface.js?e83395f93be4fa57737eb02c3c56b2592921b61f:9:24742
_dispatch@http://localhost:8081/base/core/telemetryV3Interface.js?e83395f93be4fa57737eb02c3c56b2592921b61f:9:15469
interrupt@http://localhost:8081/base/core/telemetryV3Interface.js?e83395f93be4fa57737eb02c3c56b2592921b61f:9:6220
<Jasmine>
http://localhost:8081/base/test/spec/telemetryV3Interface.spec.js?107c1bfaec2609ce7a1bf88f23d342a48e3c847a:226:59
<Jasmine>
[1A[2K[31mPhantomJS 2.1.1 (Windows 8.0.0) Telemetry tests Telemetry INTERRUPT It should return if the required data is unavailable FAILED[39m
	TypeError: undefined is not a constructor (evaluating 'new UAParser(value)') in core/telemetryV3Interface.js (line 9)
	preprocessor@core/telemetryV3Interface.js:9:23672
	addPreprocessedComponent@libs/fingerprint2.min.js:1317:41
	chainComponents@libs/fingerprint2.min.js:1352:40
	get@libs/fingerprint2.min.js:1357:22
	getV18@libs/fingerprint2.min.js:1371:30
	getFingerPrint@core/telemetryV3Interface.js:9:24742
	_dispatch@core/telemetryV3Interface.js:9:15469
	interrupt@core/telemetryV3Interface.js:9:6220
	<Jasmine>
	test/spec/telemetryV3Interface.spec.js:226:59
	<Jasmine>
PhantomJS 2.1.1 (Windows 8.0.0): Executed 14 of 64[31m (14 FAILED)[39m (0 secs / 0.167 secs)
[32m14 03 2019 17:06:05.551:INFO [PhantomJS 2.1.1 (Windows 8.0.0) | Telemetry tests, Telemetry END | It should log telemetry END event]: [39mSuccess: 12 ms
[1A[2KPhantomJS 2.1.1 (Windows 8.0.0): Executed 15 of 64[31m (14 FAILED)[39m (0 secs / 0.179 secs)
[32m14 03 2019 17:06:05.551:INFO [PhantomJS 2.1.1 (Windows 8.0.0) | Telemetry tests, Telemetry END | It should not log telemetry END event if start is not happened]: [39mSuccess: 9 ms
[1A[2KPhantomJS 2.1.1 (Windows 8.0.0): Executed 16 of 64[31m (14 FAILED)[39m (0 secs / 0.188 secs)
[32m14 03 2019 17:06:05.588:INFO [PhantomJS 2.1.1 (Windows 8.0.0) | Telemetry tests, Telemetry END | It should not generate Event if the requied data is unavailable]: [39mSuccess: 13 ms
[1A[2KPhantomJS 2.1.1 (Windows 8.0.0): Executed 17 of 64[31m (14 FAILED)[39m (0 secs / 0.201 secs)
[91m14 03 2019 17:06:05.588:ERROR [PhantomJS 2.1.1 (Windows 8.0.0) | Telemetry tests, Telemetry ASSESS | It should invoke assess]: [39mTypeError: undefined is not a constructor (evaluating 'new UAParser(value)') in http://localhost:8081/base/core/telemetryV3Interface.js?e83395f93be4fa57737eb02c3c56b2592921b61f (line 9)
preprocessor@http://localhost:8081/base/core/telemetryV3Interface.js?e83395f93be4fa57737eb02c3c56b2592921b61f:9:23672
addPreprocessedComponent@http://localhost:8081/base/libs/fingerprint2.min.js?2d7c7b57e6e46b1dff30f86f04761953eebde865:1317:41
chainComponents@http://localhost:8081/base/libs/fingerprint2.min.js?2d7c7b57e6e46b1dff30f86f04761953eebde865:1352:40
get@http://localhost:8081/base/libs/fingerprint2.min.js?2d7c7b57e6e46b1dff30f86f04761953eebde865:1357:22
getV18@http://localhost:8081/base/libs/fingerprint2.min.js?2d7c7b57e6e46b1dff30f86f04761953eebde865:1371:30
getFingerPrint@http://localhost:8081/base/core/telemetryV3Interface.js?e83395f93be4fa57737eb02c3c56b2592921b61f:9:24742
_dispatch@http://localhost:8081/base/core/telemetryV3Interface.js?e83395f93be4fa57737eb02c3c56b2592921b61f:9:15469
assess@http://localhost:8081/base/core/telemetryV3Interface.js?e83395f93be4fa57737eb02c3c56b2592921b61f:9:5639
<Jasmine>
http://localhost:8081/base/test/spec/telemetryV3Interface.spec.js?107c1bfaec2609ce7a1bf88f23d342a48e3c847a:172:32
<Jasmine>
[1A[2K[31mPhantomJS 2.1.1 (Windows 8.0.0) Telemetry tests Telemetry ASSESS It should invoke assess FAILED[39m
	TypeError: undefined is not a constructor (evaluating 'new UAParser(value)') in core/telemetryV3Interface.js (line 9)
	preprocessor@core/telemetryV3Interface.js:9:23672
	addPreprocessedComponent@libs/fingerprint2.min.js:1317:41
	chainComponents@libs/fingerprint2.min.js:1352:40
	get@libs/fingerprint2.min.js:1357:22
	getV18@libs/fingerprint2.min.js:1371:30
	getFingerPrint@core/telemetryV3Interface.js:9:24742
	_dispatch@core/telemetryV3Interface.js:9:15469
	assess@core/telemetryV3Interface.js:9:5639
	<Jasmine>
	test/spec/telemetryV3Interface.spec.js:172:32
	<Jasmine>
PhantomJS 2.1.1 (Windows 8.0.0): Executed 18 of 64[31m (15 FAILED)[39m (0 secs / 0.213 secs)
[91m14 03 2019 17:06:05.589:ERROR [PhantomJS 2.1.1 (Windows 8.0.0) | Telemetry tests, Telemetry ASSESS | It should return if the required data is unavailable]: [39mTypeError: undefined is not a constructor (evaluating 'new UAParser(value)') in http://localhost:8081/base/core/telemetryV3Interface.js?e83395f93be4fa57737eb02c3c56b2592921b61f (line 9)
preprocessor@http://localhost:8081/base/core/telemetryV3Interface.js?e83395f93be4fa57737eb02c3c56b2592921b61f:9:23672
addPreprocessedComponent@http://localhost:8081/base/libs/fingerprint2.min.js?2d7c7b57e6e46b1dff30f86f04761953eebde865:1317:41
chainComponents@http://localhost:8081/base/libs/fingerprint2.min.js?2d7c7b57e6e46b1dff30f86f04761953eebde865:1352:40
get@http://localhost:8081/base/libs/fingerprint2.min.js?2d7c7b57e6e46b1dff30f86f04761953eebde865:1357:22
getV18@http://localhost:8081/base/libs/fingerprint2.min.js?2d7c7b57e6e46b1dff30f86f04761953eebde865:1371:30
getFingerPrint@http://localhost:8081/base/core/telemetryV3Interface.js?e83395f93be4fa57737eb02c3c56b2592921b61f:9:24742
_dispatch@http://localhost:8081/base/core/telemetryV3Interface.js?e83395f93be4fa57737eb02c3c56b2592921b61f:9:15469
assess@http://localhost:8081/base/core/telemetryV3Interface.js?e83395f93be4fa57737eb02c3c56b2592921b61f:9:5639
<Jasmine>
http://localhost:8081/base/test/spec/telemetryV3Interface.spec.js?107c1bfaec2609ce7a1bf88f23d342a48e3c847a:178:54
<Jasmine>
[1A[2K[31mPhantomJS 2.1.1 (Windows 8.0.0) Telemetry tests Telemetry ASSESS It should return if the required data is unavailable FAILED[39m
	TypeError: undefined is not a constructor (evaluating 'new UAParser(value)') in core/telemetryV3Interface.js (line 9)
	preprocessor@core/telemetryV3Interface.js:9:23672
	addPreprocessedComponent@libs/fingerprint2.min.js:1317:41
	chainComponents@libs/fingerprint2.min.js:1352:40
	get@libs/fingerprint2.min.js:1357:22
	getV18@libs/fingerprint2.min.js:1371:30
	getFingerPrint@core/telemetryV3Interface.js:9:24742
	_dispatch@core/telemetryV3Interface.js:9:15469
	assess@core/telemetryV3Interface.js:9:5639
	<Jasmine>
	test/spec/telemetryV3Interface.spec.js:178:54
	<Jasmine>
PhantomJS 2.1.1 (Windows 8.0.0): Executed 19 of 64[31m (16 FAILED)[39m (0 secs / 0.222 secs)
[91m14 03 2019 17:06:05.611:ERROR [PhantomJS 2.1.1 (Windows 8.0.0) | Telemetry tests, Telemetry ASSESS | It should return if the question spec is invalid]: [39mTypeError: undefined is not a constructor (evaluating 'new UAParser(value)') in http://localhost:8081/base/core/telemetryV3Interface.js?e83395f93be4fa57737eb02c3c56b2592921b61f (line 9)
preprocessor@http://localhost:8081/base/core/telemetryV3Interface.js?e83395f93be4fa57737eb02c3c56b2592921b61f:9:23672
addPreprocessedComponent@http://localhost:8081/base/libs/fingerprint2.min.js?2d7c7b57e6e46b1dff30f86f04761953eebde865:1317:41
chainComponents@http://localhost:8081/base/libs/fingerprint2.min.js?2d7c7b57e6e46b1dff30f86f04761953eebde865:1352:40
get@http://localhost:8081/base/libs/fingerprint2.min.js?2d7c7b57e6e46b1dff30f86f04761953eebde865:1357:22
getV18@http://localhost:8081/base/libs/fingerprint2.min.js?2d7c7b57e6e46b1dff30f86f04761953eebde865:1371:30
getFingerPrint@http://localhost:8081/base/core/telemetryV3Interface.js?e83395f93be4fa57737eb02c3c56b2592921b61f:9:24742
_dispatch@http://localhost:8081/base/core/telemetryV3Interface.js?e83395f93be4fa57737eb02c3c56b2592921b61f:9:15469
assess@http://localhost:8081/base/core/telemetryV3Interface.js?e83395f93be4fa57737eb02c3c56b2592921b61f:9:5639
<Jasmine>
http://localhost:8081/base/test/spec/telemetryV3Interface.spec.js?107c1bfaec2609ce7a1bf88f23d342a48e3c847a:185:54
<Jasmine>
[1A[2K[31mPhantomJS 2.1.1 (Windows 8.0.0) Telemetry tests Telemetry ASSESS It should return if the question spec is invalid FAILED[39m
	TypeError: undefined is not a constructor (evaluating 'new UAParser(value)') in core/telemetryV3Interface.js (line 9)
	preprocessor@core/telemetryV3Interface.js:9:23672
	addPreprocessedComponent@libs/fingerprint2.min.js:1317:41
	chainComponents@libs/fingerprint2.min.js:1352:40
	get@libs/fingerprint2.min.js:1357:22
	getV18@libs/fingerprint2.min.js:1371:30
	getFingerPrint@core/telemetryV3Interface.js:9:24742
	_dispatch@core/telemetryV3Interface.js:9:15469
	assess@core/telemetryV3Interface.js:9:5639
	<Jasmine>
	test/spec/telemetryV3Interface.spec.js:185:54
	<Jasmine>
PhantomJS 2.1.1 (Windows 8.0.0): Executed 20 of 64[31m (17 FAILED)[39m (0 secs / 0.233 secs)
[32m14 03 2019 17:06:05.612:INFO [PhantomJS 2.1.1 (Windows 8.0.0) | Telemetry tests, Util methods | It should reset the object]: [39mSuccess: 9 ms
[1A[2KPhantomJS 2.1.1 (Windows 8.0.0): Executed 21 of 64[31m (17 FAILED)[39m (0 secs / 0.242 secs)
[91m14 03 2019 17:06:05.646:ERROR [PhantomJS 2.1.1 (Windows 8.0.0) | Telemetry tests, Util methods | Should validate the getContext]: [39mTypeError: undefined is not a constructor (evaluating 'new UAParser(value)') in http://localhost:8081/base/core/telemetryV3Interface.js?e83395f93be4fa57737eb02c3c56b2592921b61f (line 9)
preprocessor@http://localhost:8081/base/core/telemetryV3Interface.js?e83395f93be4fa57737eb02c3c56b2592921b61f:9:23672
addPreprocessedComponent@http://localhost:8081/base/libs/fingerprint2.min.js?2d7c7b57e6e46b1dff30f86f04761953eebde865:1317:41
chainComponents@http://localhost:8081/base/libs/fingerprint2.min.js?2d7c7b57e6e46b1dff30f86f04761953eebde865:1352:40
get@http://localhost:8081/base/libs/fingerprint2.min.js?2d7c7b57e6e46b1dff30f86f04761953eebde865:1357:22
getV18@http://localhost:8081/base/libs/fingerprint2.min.js?2d7c7b57e6e46b1dff30f86f04761953eebde865:1371:30
getFingerPrint@http://localhost:8081/base/core/telemetryV3Interface.js?e83395f93be4fa57737eb02c3c56b2592921b61f:9:24742
_dispatch@http://localhost:8081/base/core/telemetryV3Interface.js?e83395f93be4fa57737eb02c3c56b2592921b61f:9:15469
heartbeat@http://localhost:8081/base/core/telemetryV3Interface.js?e83395f93be4fa57737eb02c3c56b2592921b61f:9:7851
<Jasmine>
http://localhost:8081/base/test/spec/telemetryV3Interface.spec.js?107c1bfaec2609ce7a1bf88f23d342a48e3c847a:467:35
<Jasmine>
[1A[2K[31mPhantomJS 2.1.1 (Windows 8.0.0) Telemetry tests Util methods Should validate the getContext FAILED[39m
	TypeError: undefined is not a constructor (evaluating 'new UAParser(value)') in core/telemetryV3Interface.js (line 9)
	preprocessor@core/telemetryV3Interface.js:9:23672
	addPreprocessedComponent@libs/fingerprint2.min.js:1317:41
	chainComponents@libs/fingerprint2.min.js:1352:40
	get@libs/fingerprint2.min.js:1357:22
	getV18@libs/fingerprint2.min.js:1371:30
	getFingerPrint@core/telemetryV3Interface.js:9:24742
	_dispatch@core/telemetryV3Interface.js:9:15469
	heartbeat@core/telemetryV3Interface.js:9:7851
	<Jasmine>
	test/spec/telemetryV3Interface.spec.js:467:35
	<Jasmine>
PhantomJS 2.1.1 (Windows 8.0.0): Executed 22 of 64[31m (18 FAILED)[39m (0 secs / 0.253 secs)
[91m14 03 2019 17:06:05.646:ERROR [PhantomJS 2.1.1 (Windows 8.0.0) | Telemetry tests, Util methods | It should return the status of initialization]: [39mTypeError: undefined is not a constructor (evaluating 'new UAParser(value)') in http://localhost:8081/base/core/telemetryV3Interface.js?e83395f93be4fa57737eb02c3c56b2592921b61f (line 9)
preprocessor@http://localhost:8081/base/core/telemetryV3Interface.js?e83395f93be4fa57737eb02c3c56b2592921b61f:9:23672
addPreprocessedComponent@http://localhost:8081/base/libs/fingerprint2.min.js?2d7c7b57e6e46b1dff30f86f04761953eebde865:1317:41
chainComponents@http://localhost:8081/base/libs/fingerprint2.min.js?2d7c7b57e6e46b1dff30f86f04761953eebde865:1352:40
get@http://localhost:8081/base/libs/fingerprint2.min.js?2d7c7b57e6e46b1dff30f86f04761953eebde865:1357:22
getV18@http://localhost:8081/base/libs/fingerprint2.min.js?2d7c7b57e6e46b1dff30f86f04761953eebde865:1371:30
getFingerPrint@http://localhost:8081/base/core/telemetryV3Interface.js?e83395f93be4fa57737eb02c3c56b2592921b61f:9:24742
_dispatch@http://localhost:8081/base/core/telemetryV3Interface.js?e83395f93be4fa57737eb02c3c56b2592921b61f:9:15469
start@http://localhost:8081/base/core/telemetryV3Interface.js?e83395f93be4fa57737eb02c3c56b2592921b61f:9:4673
<Jasmine>
http://localhost:8081/base/test/spec/telemetryV3Interface.spec.js?107c1bfaec2609ce7a1bf88f23d342a48e3c847a:414:54
<Jasmine>
[1A[2K[31mPhantomJS 2.1.1 (Windows 8.0.0) Telemetry tests Util methods It should return the status of initialization FAILED[39m
	TypeError: undefined is not a constructor (evaluating 'new UAParser(value)') in core/telemetryV3Interface.js (line 9)
	preprocessor@core/telemetryV3Interface.js:9:23672
	addPreprocessedComponent@libs/fingerprint2.min.js:1317:41
	chainComponents@libs/fingerprint2.min.js:1352:40
	get@libs/fingerprint2.min.js:1357:22
	getV18@libs/fingerprint2.min.js:1371:30
	getFingerPrint@core/telemetryV3Interface.js:9:24742
	_dispatch@core/telemetryV3Interface.js:9:15469
	start@core/telemetryV3Interface.js:9:4673
	<Jasmine>
	test/spec/telemetryV3Interface.spec.js:414:54
	<Jasmine>
PhantomJS 2.1.1 (Windows 8.0.0): Executed 23 of 64[31m (19 FAILED)[39m (0 secs / 0.264 secs)
[32m14 03 2019 17:06:05.647:INFO [PhantomJS 2.1.1 (Windows 8.0.0) | Telemetry tests, Util methods | It should reset the context]: [39mSuccess: 9 ms
[1A[2KPhantomJS 2.1.1 (Windows 8.0.0): Executed 24 of 64[31m (19 FAILED)[39m (0 secs / 0.273 secs)
[91m14 03 2019 17:06:05.686:ERROR [PhantomJS 2.1.1 (Windows 8.0.0) | Telemetry tests, Util methods | It should generate the did if the did is undefined ]: [39mTypeError: undefined is not a constructor (evaluating 'new UAParser(value)') in http://localhost:8081/base/core/telemetryV3Interface.js?e83395f93be4fa57737eb02c3c56b2592921b61f (line 9)
preprocessor@http://localhost:8081/base/core/telemetryV3Interface.js?e83395f93be4fa57737eb02c3c56b2592921b61f:9:23672
addPreprocessedComponent@http://localhost:8081/base/libs/fingerprint2.min.js?2d7c7b57e6e46b1dff30f86f04761953eebde865:1317:41
chainComponents@http://localhost:8081/base/libs/fingerprint2.min.js?2d7c7b57e6e46b1dff30f86f04761953eebde865:1352:40
get@http://localhost:8081/base/libs/fingerprint2.min.js?2d7c7b57e6e46b1dff30f86f04761953eebde865:1357:22
getV18@http://localhost:8081/base/libs/fingerprint2.min.js?2d7c7b57e6e46b1dff30f86f04761953eebde865:1371:30
getFingerPrint@http://localhost:8081/base/core/telemetryV3Interface.js?e83395f93be4fa57737eb02c3c56b2592921b61f:9:24742
_dispatch@http://localhost:8081/base/core/telemetryV3Interface.js?e83395f93be4fa57737eb02c3c56b2592921b61f:9:15469
start@http://localhost:8081/base/core/telemetryV3Interface.js?e83395f93be4fa57737eb02c3c56b2592921b61f:9:4673
<Jasmine>
http://localhost:8081/base/test/spec/telemetryV3Interface.spec.js?107c1bfaec2609ce7a1bf88f23d342a48e3c847a:494:54
<Jasmine>
[1A[2K[31mPhantomJS 2.1.1 (Windows 8.0.0) Telemetry tests Util methods It should generate the did if the did is undefined  FAILED[39m
	TypeError: undefined is not a constructor (evaluating 'new UAParser(value)') in core/telemetryV3Interface.js (line 9)
	preprocessor@core/telemetryV3Interface.js:9:23672
	addPreprocessedComponent@libs/fingerprint2.min.js:1317:41
	chainComponents@libs/fingerprint2.min.js:1352:40
	get@libs/fingerprint2.min.js:1357:22
	getV18@libs/fingerprint2.min.js:1371:30
	getFingerPrint@core/telemetryV3Interface.js:9:24742
	_dispatch@core/telemetryV3Interface.js:9:15469
	start@core/telemetryV3Interface.js:9:4673
	<Jasmine>
	test/spec/telemetryV3Interface.spec.js:494:54
	<Jasmine>
PhantomJS 2.1.1 (Windows 8.0.0): Executed 25 of 64[31m (20 FAILED)[39m (0 secs / 0.284 secs)
[32m14 03 2019 17:06:05.687:INFO [PhantomJS 2.1.1 (Windows 8.0.0) | Telemetry tests, Util methods | Should not throw an error when module is undefined]: [39mSuccess: 9 ms
[1A[2KPhantomJS 2.1.1 (Windows 8.0.0): Executed 26 of 64[31m (20 FAILED)[39m (0 secs / 0.293 secs)
[32m14 03 2019 17:06:05.687:INFO [PhantomJS 2.1.1 (Windows 8.0.0) | Telemetry tests, Util methods | Should reset the actor]: [39mSuccess: 11 ms
[1A[2KPhantomJS 2.1.1 (Windows 8.0.0): Executed 27 of 64[31m (20 FAILED)[39m (0 secs / 0.304 secs)
[32m14 03 2019 17:06:05.687:INFO [PhantomJS 2.1.1 (Windows 8.0.0) | Telemetry tests, Util methods | Should reset the tags]: [39mSuccess: 9 ms
[1A[2KPhantomJS 2.1.1 (Windows 8.0.0): Executed 28 of 64[31m (20 FAILED)[39m (0 secs / 0.313 secs)
[32m14 03 2019 17:06:05.716:INFO [PhantomJS 2.1.1 (Windows 8.0.0) | Telemetry tests, Util methods | Should be empty, when undefined is passed to reset context]: [39mSuccess: 9 ms
[1A[2KPhantomJS 2.1.1 (Windows 8.0.0): Executed 29 of 64[31m (20 FAILED)[39m (0 secs / 0.322 secs)
[32m14 03 2019 17:06:05.716:INFO [PhantomJS 2.1.1 (Windows 8.0.0) | Telemetry tests, Util methods | It should reset the context]: [39mSuccess: 9 ms
[1A[2KPhantomJS 2.1.1 (Windows 8.0.0): Executed 30 of 64[31m (20 FAILED)[39m (0 secs / 0.331 secs)
[91m14 03 2019 17:06:05.716:ERROR [PhantomJS 2.1.1 (Windows 8.0.0) | Telemetry tests, Util methods | Should validate the has required data]: [39mTypeError: undefined is not a constructor (evaluating 'new UAParser(value)') in http://localhost:8081/base/core/telemetryV3Interface.js?e83395f93be4fa57737eb02c3c56b2592921b61f (line 9)
preprocessor@http://localhost:8081/base/core/telemetryV3Interface.js?e83395f93be4fa57737eb02c3c56b2592921b61f:9:23672
addPreprocessedComponent@http://localhost:8081/base/libs/fingerprint2.min.js?2d7c7b57e6e46b1dff30f86f04761953eebde865:1317:41
chainComponents@http://localhost:8081/base/libs/fingerprint2.min.js?2d7c7b57e6e46b1dff30f86f04761953eebde865:1352:40
get@http://localhost:8081/base/libs/fingerprint2.min.js?2d7c7b57e6e46b1dff30f86f04761953eebde865:1357:22
getV18@http://localhost:8081/base/libs/fingerprint2.min.js?2d7c7b57e6e46b1dff30f86f04761953eebde865:1371:30
getFingerPrint@http://localhost:8081/base/core/telemetryV3Interface.js?e83395f93be4fa57737eb02c3c56b2592921b61f:9:24742
_dispatch@http://localhost:8081/base/core/telemetryV3Interface.js?e83395f93be4fa57737eb02c3c56b2592921b61f:9:15469
summary@http://localhost:8081/base/core/telemetryV3Interface.js?e83395f93be4fa57737eb02c3c56b2592921b61f:9:9286
<Jasmine>
http://localhost:8081/base/test/spec/telemetryV3Interface.spec.js?107c1bfaec2609ce7a1bf88f23d342a48e3c847a:449:33
<Jasmine>
[1A[2K[31mPhantomJS 2.1.1 (Windows 8.0.0) Telemetry tests Util methods Should validate the has required data FAILED[39m
	TypeError: undefined is not a constructor (evaluating 'new UAParser(value)') in core/telemetryV3Interface.js (line 9)
	preprocessor@core/telemetryV3Interface.js:9:23672
	addPreprocessedComponent@libs/fingerprint2.min.js:1317:41
	chainComponents@libs/fingerprint2.min.js:1352:40
	get@libs/fingerprint2.min.js:1357:22
	getV18@libs/fingerprint2.min.js:1371:30
	getFingerPrint@core/telemetryV3Interface.js:9:24742
	_dispatch@core/telemetryV3Interface.js:9:15469
	summary@core/telemetryV3Interface.js:9:9286
	<Jasmine>
	test/spec/telemetryV3Interface.spec.js:449:33
	<Jasmine>
PhantomJS 2.1.1 (Windows 8.0.0): Executed 31 of 64[31m (21 FAILED)[39m (0 secs / 0.341 secs)
[91m14 03 2019 17:06:05.738:ERROR [PhantomJS 2.1.1 (Windows 8.0.0) | Telemetry tests, Telemetry SUMMARY | It should log telemetry metrics event]: [39mTypeError: undefined is not a constructor (evaluating 'new UAParser(value)') in http://localhost:8081/base/core/telemetryV3Interface.js?e83395f93be4fa57737eb02c3c56b2592921b61f (line 9)
preprocessor@http://localhost:8081/base/core/telemetryV3Interface.js?e83395f93be4fa57737eb02c3c56b2592921b61f:9:23672
addPreprocessedComponent@http://localhost:8081/base/libs/fingerprint2.min.js?2d7c7b57e6e46b1dff30f86f04761953eebde865:1317:41
chainComponents@http://localhost:8081/base/libs/fingerprint2.min.js?2d7c7b57e6e46b1dff30f86f04761953eebde865:1352:40
get@http://localhost:8081/base/libs/fingerprint2.min.js?2d7c7b57e6e46b1dff30f86f04761953eebde865:1357:22
getV18@http://localhost:8081/base/libs/fingerprint2.min.js?2d7c7b57e6e46b1dff30f86f04761953eebde865:1371:30
getFingerPrint@http://localhost:8081/base/core/telemetryV3Interface.js?e83395f93be4fa57737eb02c3c56b2592921b61f:9:24742
_dispatch@http://localhost:8081/base/core/telemetryV3Interface.js?e83395f93be4fa57737eb02c3c56b2592921b61f:9:15469
summary@http://localhost:8081/base/core/telemetryV3Interface.js?e83395f93be4fa57737eb02c3c56b2592921b61f:9:9286
<Jasmine>
http://localhost:8081/base/test/spec/telemetryV3Interface.spec.js?107c1bfaec2609ce7a1bf88f23d342a48e3c847a:364:33
<Jasmine>
[1A[2K[31mPhantomJS 2.1.1 (Windows 8.0.0) Telemetry tests Telemetry SUMMARY It should log telemetry metrics event FAILED[39m
	TypeError: undefined is not a constructor (evaluating 'new UAParser(value)') in core/telemetryV3Interface.js (line 9)
	preprocessor@core/telemetryV3Interface.js:9:23672
	addPreprocessedComponent@libs/fingerprint2.min.js:1317:41
	chainComponents@libs/fingerprint2.min.js:1352:40
	get@libs/fingerprint2.min.js:1357:22
	getV18@libs/fingerprint2.min.js:1371:30
	getFingerPrint@core/telemetryV3Interface.js:9:24742
	_dispatch@core/telemetryV3Interface.js:9:15469
	summary@core/telemetryV3Interface.js:9:9286
	<Jasmine>
	test/spec/telemetryV3Interface.spec.js:364:33
	<Jasmine>
PhantomJS 2.1.1 (Windows 8.0.0): Executed 32 of 64[31m (22 FAILED)[39m (0 secs / 0.351 secs)
[91m14 03 2019 17:06:05.739:ERROR [PhantomJS 2.1.1 (Windows 8.0.0) | Telemetry tests, Telemetry SUMMARY | It should return if the required data is unavailable]: [39mTypeError: undefined is not a constructor (evaluating 'new UAParser(value)') in http://localhost:8081/base/core/telemetryV3Interface.js?e83395f93be4fa57737eb02c3c56b2592921b61f (line 9)
preprocessor@http://localhost:8081/base/core/telemetryV3Interface.js?e83395f93be4fa57737eb02c3c56b2592921b61f:9:23672
addPreprocessedComponent@http://localhost:8081/base/libs/fingerprint2.min.js?2d7c7b57e6e46b1dff30f86f04761953eebde865:1317:41
chainComponents@http://localhost:8081/base/libs/fingerprint2.min.js?2d7c7b57e6e46b1dff30f86f04761953eebde865:1352:40
get@http://localhost:8081/base/libs/fingerprint2.min.js?2d7c7b57e6e46b1dff30f86f04761953eebde865:1357:22
getV18@http://localhost:8081/base/libs/fingerprint2.min.js?2d7c7b57e6e46b1dff30f86f04761953eebde865:1371:30
getFingerPrint@http://localhost:8081/base/core/telemetryV3Interface.js?e83395f93be4fa57737eb02c3c56b2592921b61f:9:24742
_dispatch@http://localhost:8081/base/core/telemetryV3Interface.js?e83395f93be4fa57737eb02c3c56b2592921b61f:9:15469
summary@http://localhost:8081/base/core/telemetryV3Interface.js?e83395f93be4fa57737eb02c3c56b2592921b61f:9:9286
<Jasmine>
http://localhost:8081/base/test/spec/telemetryV3Interface.spec.js?107c1bfaec2609ce7a1bf88f23d342a48e3c847a:370:57
<Jasmine>
[1A[2K[31mPhantomJS 2.1.1 (Windows 8.0.0) Telemetry tests Telemetry SUMMARY It should return if the required data is unavailable FAILED[39m
	TypeError: undefined is not a constructor (evaluating 'new UAParser(value)') in core/telemetryV3Interface.js (line 9)
	preprocessor@core/telemetryV3Interface.js:9:23672
	addPreprocessedComponent@libs/fingerprint2.min.js:1317:41
	chainComponents@libs/fingerprint2.min.js:1352:40
	get@libs/fingerprint2.min.js:1357:22
	getV18@libs/fingerprint2.min.js:1371:30
	getFingerPrint@core/telemetryV3Interface.js:9:24742
	_dispatch@core/telemetryV3Interface.js:9:15469
	summary@core/telemetryV3Interface.js:9:9286
	<Jasmine>
	test/spec/telemetryV3Interface.spec.js:370:57
	<Jasmine>
PhantomJS 2.1.1 (Windows 8.0.0): Executed 33 of 64[31m (23 FAILED)[39m (0 secs / 0.361 secs)
[91m14 03 2019 17:06:05.774:ERROR [PhantomJS 2.1.1 (Windows 8.0.0) | Telemetry tests, Telemetry RESPONSE | It should return if target spec is invalid]: [39mTypeError: undefined is not a constructor (evaluating 'new UAParser(value)') in http://localhost:8081/base/core/telemetryV3Interface.js?e83395f93be4fa57737eb02c3c56b2592921b61f (line 9)
preprocessor@http://localhost:8081/base/core/telemetryV3Interface.js?e83395f93be4fa57737eb02c3c56b2592921b61f:9:23672
addPreprocessedComponent@http://localhost:8081/base/libs/fingerprint2.min.js?2d7c7b57e6e46b1dff30f86f04761953eebde865:1317:41
chainComponents@http://localhost:8081/base/libs/fingerprint2.min.js?2d7c7b57e6e46b1dff30f86f04761953eebde865:1352:40
get@http://localhost:8081/base/libs/fingerprint2.min.js?2d7c7b57e6e46b1dff30f86f04761953eebde865:1357:22
getV18@http://localhost:8081/base/libs/fingerprint2.min.js?2d7c7b57e6e46b1dff30f86f04761953eebde865:1371:30
getFingerPrint@http://localhost:8081/base/core/telemetryV3Interface.js?e83395f93be4fa57737eb02c3c56b2592921b61f:9:24742
_dispatch@http://localhost:8081/base/core/telemetryV3Interface.js?e83395f93be4fa57737eb02c3c56b2592921b61f:9:15469
response@http://localhost:8081/base/core/telemetryV3Interface.js?e83395f93be4fa57737eb02c3c56b2592921b61f:9:5928
<Jasmine>
http://localhost:8081/base/test/spec/telemetryV3Interface.spec.js?107c1bfaec2609ce7a1bf88f23d342a48e3c847a:209:58
<Jasmine>
[1A[2K[31mPhantomJS 2.1.1 (Windows 8.0.0) Telemetry tests Telemetry RESPONSE It should return if target spec is invalid FAILED[39m
	TypeError: undefined is not a constructor (evaluating 'new UAParser(value)') in core/telemetryV3Interface.js (line 9)
	preprocessor@core/telemetryV3Interface.js:9:23672
	addPreprocessedComponent@libs/fingerprint2.min.js:1317:41
	chainComponents@libs/fingerprint2.min.js:1352:40
	get@libs/fingerprint2.min.js:1357:22
	getV18@libs/fingerprint2.min.js:1371:30
	getFingerPrint@core/telemetryV3Interface.js:9:24742
	_dispatch@core/telemetryV3Interface.js:9:15469
	response@core/telemetryV3Interface.js:9:5928
	<Jasmine>
	test/spec/telemetryV3Interface.spec.js:209:58
	<Jasmine>
PhantomJS 2.1.1 (Windows 8.0.0): Executed 34 of 64[31m (24 FAILED)[39m (0 secs / 0.372 secs)
[91m14 03 2019 17:06:05.774:ERROR [PhantomJS 2.1.1 (Windows 8.0.0) | Telemetry tests, Telemetry RESPONSE | It should return if the required data is unavailable]: [39mTypeError: undefined is not a constructor (evaluating 'new UAParser(value)') in http://localhost:8081/base/core/telemetryV3Interface.js?e83395f93be4fa57737eb02c3c56b2592921b61f (line 9)
preprocessor@http://localhost:8081/base/core/telemetryV3Interface.js?e83395f93be4fa57737eb02c3c56b2592921b61f:9:23672
addPreprocessedComponent@http://localhost:8081/base/libs/fingerprint2.min.js?2d7c7b57e6e46b1dff30f86f04761953eebde865:1317:41
chainComponents@http://localhost:8081/base/libs/fingerprint2.min.js?2d7c7b57e6e46b1dff30f86f04761953eebde865:1352:40
get@http://localhost:8081/base/libs/fingerprint2.min.js?2d7c7b57e6e46b1dff30f86f04761953eebde865:1357:22
getV18@http://localhost:8081/base/libs/fingerprint2.min.js?2d7c7b57e6e46b1dff30f86f04761953eebde865:1371:30
getFingerPrint@http://localhost:8081/base/core/telemetryV3Interface.js?e83395f93be4fa57737eb02c3c56b2592921b61f:9:24742
_dispatch@http://localhost:8081/base/core/telemetryV3Interface.js?e83395f93be4fa57737eb02c3c56b2592921b61f:9:15469
response@http://localhost:8081/base/core/telemetryV3Interface.js?e83395f93be4fa57737eb02c3c56b2592921b61f:9:5928
<Jasmine>
http://localhost:8081/base/test/spec/telemetryV3Interface.spec.js?107c1bfaec2609ce7a1bf88f23d342a48e3c847a:202:58
<Jasmine>
[1A[2K[31mPhantomJS 2.1.1 (Windows 8.0.0) Telemetry tests Telemetry RESPONSE It should return if the required data is unavailable FAILED[39m
	TypeError: undefined is not a constructor (evaluating 'new UAParser(value)') in core/telemetryV3Interface.js (line 9)
	preprocessor@core/telemetryV3Interface.js:9:23672
	addPreprocessedComponent@libs/fingerprint2.min.js:1317:41
	chainComponents@libs/fingerprint2.min.js:1352:40
	get@libs/fingerprint2.min.js:1357:22
	getV18@libs/fingerprint2.min.js:1371:30
	getFingerPrint@core/telemetryV3Interface.js:9:24742
	_dispatch@core/telemetryV3Interface.js:9:15469
	response@core/telemetryV3Interface.js:9:5928
	<Jasmine>
	test/spec/telemetryV3Interface.spec.js:202:58
	<Jasmine>
PhantomJS 2.1.1 (Windows 8.0.0): Executed 35 of 64[31m (25 FAILED)[39m (0 secs / 0.382 secs)
[91m14 03 2019 17:06:05.775:ERROR [PhantomJS 2.1.1 (Windows 8.0.0) | Telemetry tests, Telemetry RESPONSE | It should log telemetry response event]: [39mTypeError: undefined is not a constructor (evaluating 'new UAParser(value)') in http://localhost:8081/base/core/telemetryV3Interface.js?e83395f93be4fa57737eb02c3c56b2592921b61f (line 9)
preprocessor@http://localhost:8081/base/core/telemetryV3Interface.js?e83395f93be4fa57737eb02c3c56b2592921b61f:9:23672
addPreprocessedComponent@http://localhost:8081/base/libs/fingerprint2.min.js?2d7c7b57e6e46b1dff30f86f04761953eebde865:1317:41
chainComponents@http://localhost:8081/base/libs/fingerprint2.min.js?2d7c7b57e6e46b1dff30f86f04761953eebde865:1352:40
get@http://localhost:8081/base/libs/fingerprint2.min.js?2d7c7b57e6e46b1dff30f86f04761953eebde865:1357:22
getV18@http://localhost:8081/base/libs/fingerprint2.min.js?2d7c7b57e6e46b1dff30f86f04761953eebde865:1371:30
getFingerPrint@http://localhost:8081/base/core/telemetryV3Interface.js?e83395f93be4fa57737eb02c3c56b2592921b61f:9:24742
_dispatch@http://localhost:8081/base/core/telemetryV3Interface.js?e83395f93be4fa57737eb02c3c56b2592921b61f:9:15469
response@http://localhost:8081/base/core/telemetryV3Interface.js?e83395f93be4fa57737eb02c3c56b2592921b61f:9:5928
<Jasmine>
http://localhost:8081/base/test/spec/telemetryV3Interface.spec.js?107c1bfaec2609ce7a1bf88f23d342a48e3c847a:196:34
<Jasmine>
[1A[2K[31mPhantomJS 2.1.1 (Windows 8.0.0) Telemetry tests Telemetry RESPONSE It should log telemetry response event FAILED[39m
	TypeError: undefined is not a constructor (evaluating 'new UAParser(value)') in core/telemetryV3Interface.js (line 9)
	preprocessor@core/telemetryV3Interface.js:9:23672
	addPreprocessedComponent@libs/fingerprint2.min.js:1317:41
	chainComponents@libs/fingerprint2.min.js:1352:40
	get@libs/fingerprint2.min.js:1357:22
	getV18@libs/fingerprint2.min.js:1371:30
	getFingerPrint@core/telemetryV3Interface.js:9:24742
	_dispatch@core/telemetryV3Interface.js:9:15469
	response@core/telemetryV3Interface.js:9:5928
	<Jasmine>
	test/spec/telemetryV3Interface.spec.js:196:34
	<Jasmine>
PhantomJS 2.1.1 (Windows 8.0.0): Executed 36 of 64[31m (26 FAILED)[39m (0 secs / 0.395 secs)
[91m14 03 2019 17:06:05.796:ERROR [PhantomJS 2.1.1 (Windows 8.0.0) | Telemetry tests, Telemetry IMPRESSION | It should return if visit spec is invalid]: [39mTypeError: undefined is not a constructor (evaluating 'new UAParser(value)') in http://localhost:8081/base/core/telemetryV3Interface.js?e83395f93be4fa57737eb02c3c56b2592921b61f (line 9)
preprocessor@http://localhost:8081/base/core/telemetryV3Interface.js?e83395f93be4fa57737eb02c3c56b2592921b61f:9:23672
addPreprocessedComponent@http://localhost:8081/base/libs/fingerprint2.min.js?2d7c7b57e6e46b1dff30f86f04761953eebde865:1317:41
chainComponents@http://localhost:8081/base/libs/fingerprint2.min.js?2d7c7b57e6e46b1dff30f86f04761953eebde865:1352:40
get@http://localhost:8081/base/libs/fingerprint2.min.js?2d7c7b57e6e46b1dff30f86f04761953eebde865:1357:22
getV18@http://localhost:8081/base/libs/fingerprint2.min.js?2d7c7b57e6e46b1dff30f86f04761953eebde865:1371:30
getFingerPrint@http://localhost:8081/base/core/telemetryV3Interface.js?e83395f93be4fa57737eb02c3c56b2592921b61f:9:24742
_dispatch@http://localhost:8081/base/core/telemetryV3Interface.js?e83395f93be4fa57737eb02c3c56b2592921b61f:9:15469
impression@http://localhost:8081/base/core/telemetryV3Interface.js?e83395f93be4fa57737eb02c3c56b2592921b61f:9:5059
<Jasmine>
http://localhost:8081/base/test/spec/telemetryV3Interface.spec.js?107c1bfaec2609ce7a1bf88f23d342a48e3c847a:113:62
<Jasmine>
[1A[2K[31mPhantomJS 2.1.1 (Windows 8.0.0) Telemetry tests Telemetry IMPRESSION It should return if visit spec is invalid FAILED[39m
	TypeError: undefined is not a constructor (evaluating 'new UAParser(value)') in core/telemetryV3Interface.js (line 9)
	preprocessor@core/telemetryV3Interface.js:9:23672
	addPreprocessedComponent@libs/fingerprint2.min.js:1317:41
	chainComponents@libs/fingerprint2.min.js:1352:40
	get@libs/fingerprint2.min.js:1357:22
	getV18@libs/fingerprint2.min.js:1371:30
	getFingerPrint@core/telemetryV3Interface.js:9:24742
	_dispatch@core/telemetryV3Interface.js:9:15469
	impression@core/telemetryV3Interface.js:9:5059
	<Jasmine>
	test/spec/telemetryV3Interface.spec.js:113:62
	<Jasmine>
PhantomJS 2.1.1 (Windows 8.0.0): Executed 37 of 64[31m (27 FAILED)[39m (0 secs / 0.405 secs)
[91m14 03 2019 17:06:05.797:ERROR [PhantomJS 2.1.1 (Windows 8.0.0) | Telemetry tests, Telemetry IMPRESSION | It should return if the required spec is unavailable]: [39mTypeError: undefined is not a constructor (evaluating 'new UAParser(value)') in http://localhost:8081/base/core/telemetryV3Interface.js?e83395f93be4fa57737eb02c3c56b2592921b61f (line 9)
preprocessor@http://localhost:8081/base/core/telemetryV3Interface.js?e83395f93be4fa57737eb02c3c56b2592921b61f:9:23672
addPreprocessedComponent@http://localhost:8081/base/libs/fingerprint2.min.js?2d7c7b57e6e46b1dff30f86f04761953eebde865:1317:41
chainComponents@http://localhost:8081/base/libs/fingerprint2.min.js?2d7c7b57e6e46b1dff30f86f04761953eebde865:1352:40
get@http://localhost:8081/base/libs/fingerprint2.min.js?2d7c7b57e6e46b1dff30f86f04761953eebde865:1357:22
getV18@http://localhost:8081/base/libs/fingerprint2.min.js?2d7c7b57e6e46b1dff30f86f04761953eebde865:1371:30
getFingerPrint@http://localhost:8081/base/core/telemetryV3Interface.js?e83395f93be4fa57737eb02c3c56b2592921b61f:9:24742
_dispatch@http://localhost:8081/base/core/telemetryV3Interface.js?e83395f93be4fa57737eb02c3c56b2592921b61f:9:15469
impression@http://localhost:8081/base/core/telemetryV3Interface.js?e83395f93be4fa57737eb02c3c56b2592921b61f:9:5059
<Jasmine>
http://localhost:8081/base/test/spec/telemetryV3Interface.spec.js?107c1bfaec2609ce7a1bf88f23d342a48e3c847a:105:62
<Jasmine>
[1A[2K[31mPhantomJS 2.1.1 (Windows 8.0.0) Telemetry tests Telemetry IMPRESSION It should return if the required spec is unavailable FAILED[39m
	TypeError: undefined is not a constructor (evaluating 'new UAParser(value)') in core/telemetryV3Interface.js (line 9)
	preprocessor@core/telemetryV3Interface.js:9:23672
	addPreprocessedComponent@libs/fingerprint2.min.js:1317:41
	chainComponents@libs/fingerprint2.min.js:1352:40
	get@libs/fingerprint2.min.js:1357:22
	getV18@libs/fingerprint2.min.js:1371:30
	getFingerPrint@core/telemetryV3Interface.js:9:24742
	_dispatch@core/telemetryV3Interface.js:9:15469
	impression@core/telemetryV3Interface.js:9:5059
	<Jasmine>
	test/spec/telemetryV3Interface.spec.js:105:62
	<Jasmine>
PhantomJS 2.1.1 (Windows 8.0.0): Executed 38 of 64[31m (28 FAILED)[39m (0 secs / 0.415 secs)
[91m14 03 2019 17:06:05.819:ERROR [PhantomJS 2.1.1 (Windows 8.0.0) | Telemetry tests, Telemetry IMPRESSION | It should invoke impression]: [39mTypeError: undefined is not a constructor (evaluating 'new UAParser(value)') in http://localhost:8081/base/core/telemetryV3Interface.js?e83395f93be4fa57737eb02c3c56b2592921b61f (line 9)
preprocessor@http://localhost:8081/base/core/telemetryV3Interface.js?e83395f93be4fa57737eb02c3c56b2592921b61f:9:23672
addPreprocessedComponent@http://localhost:8081/base/libs/fingerprint2.min.js?2d7c7b57e6e46b1dff30f86f04761953eebde865:1317:41
chainComponents@http://localhost:8081/base/libs/fingerprint2.min.js?2d7c7b57e6e46b1dff30f86f04761953eebde865:1352:40
get@http://localhost:8081/base/libs/fingerprint2.min.js?2d7c7b57e6e46b1dff30f86f04761953eebde865:1357:22
getV18@http://localhost:8081/base/libs/fingerprint2.min.js?2d7c7b57e6e46b1dff30f86f04761953eebde865:1371:30
getFingerPrint@http://localhost:8081/base/core/telemetryV3Interface.js?e83395f93be4fa57737eb02c3c56b2592921b61f:9:24742
_dispatch@http://localhost:8081/base/core/telemetryV3Interface.js?e83395f93be4fa57737eb02c3c56b2592921b61f:9:15469
impression@http://localhost:8081/base/core/telemetryV3Interface.js?e83395f93be4fa57737eb02c3c56b2592921b61f:9:5059
<Jasmine>
http://localhost:8081/base/test/spec/telemetryV3Interface.spec.js?107c1bfaec2609ce7a1bf88f23d342a48e3c847a:98:36
<Jasmine>
[1A[2K[31mPhantomJS 2.1.1 (Windows 8.0.0) Telemetry tests Telemetry IMPRESSION It should invoke impression FAILED[39m
	TypeError: undefined is not a constructor (evaluating 'new UAParser(value)') in core/telemetryV3Interface.js (line 9)
	preprocessor@core/telemetryV3Interface.js:9:23672
	addPreprocessedComponent@libs/fingerprint2.min.js:1317:41
	chainComponents@libs/fingerprint2.min.js:1352:40
	get@libs/fingerprint2.min.js:1357:22
	getV18@libs/fingerprint2.min.js:1371:30
	getFingerPrint@core/telemetryV3Interface.js:9:24742
	_dispatch@core/telemetryV3Interface.js:9:15469
	impression@core/telemetryV3Interface.js:9:5059
	<Jasmine>
	test/spec/telemetryV3Interface.spec.js:98:36
	<Jasmine>
PhantomJS 2.1.1 (Windows 8.0.0): Executed 39 of 64[31m (29 FAILED)[39m (0 secs / 0.425 secs)
[91m14 03 2019 17:06:05.820:ERROR [PhantomJS 2.1.1 (Windows 8.0.0) | Telemetry tests, Telemetry EXDATA | It should log telemetry exdata event]: [39mTypeError: undefined is not a constructor (evaluating 'new UAParser(value)') in http://localhost:8081/base/core/telemetryV3Interface.js?e83395f93be4fa57737eb02c3c56b2592921b61f (line 9)
preprocessor@http://localhost:8081/base/core/telemetryV3Interface.js?e83395f93be4fa57737eb02c3c56b2592921b61f:9:23672
addPreprocessedComponent@http://localhost:8081/base/libs/fingerprint2.min.js?2d7c7b57e6e46b1dff30f86f04761953eebde865:1317:41
chainComponents@http://localhost:8081/base/libs/fingerprint2.min.js?2d7c7b57e6e46b1dff30f86f04761953eebde865:1352:40
get@http://localhost:8081/base/libs/fingerprint2.min.js?2d7c7b57e6e46b1dff30f86f04761953eebde865:1357:22
getV18@http://localhost:8081/base/libs/fingerprint2.min.js?2d7c7b57e6e46b1dff30f86f04761953eebde865:1371:30
getFingerPrint@http://localhost:8081/base/core/telemetryV3Interface.js?e83395f93be4fa57737eb02c3c56b2592921b61f:9:24742
_dispatch@http://localhost:8081/base/core/telemetryV3Interface.js?e83395f93be4fa57737eb02c3c56b2592921b61f:9:15469
exdata@http://localhost:8081/base/core/telemetryV3Interface.js?e83395f93be4fa57737eb02c3c56b2592921b61f:9:8998
<Jasmine>
http://localhost:8081/base/test/spec/telemetryV3Interface.spec.js?107c1bfaec2609ce7a1bf88f23d342a48e3c847a:381:32
<Jasmine>
[1A[2K[31mPhantomJS 2.1.1 (Windows 8.0.0) Telemetry tests Telemetry EXDATA It should log telemetry exdata event FAILED[39m
	TypeError: undefined is not a constructor (evaluating 'new UAParser(value)') in core/telemetryV3Interface.js (line 9)
	preprocessor@core/telemetryV3Interface.js:9:23672
	addPreprocessedComponent@libs/fingerprint2.min.js:1317:41
	chainComponents@libs/fingerprint2.min.js:1352:40
	get@libs/fingerprint2.min.js:1357:22
	getV18@libs/fingerprint2.min.js:1371:30
	getFingerPrint@core/telemetryV3Interface.js:9:24742
	_dispatch@core/telemetryV3Interface.js:9:15469
	exdata@core/telemetryV3Interface.js:9:8998
	<Jasmine>
	test/spec/telemetryV3Interface.spec.js:381:32
	<Jasmine>
PhantomJS 2.1.1 (Windows 8.0.0): Executed 40 of 64[31m (30 FAILED)[39m (0 secs / 0.435 secs)
[91m14 03 2019 17:06:05.882:ERROR [PhantomJS 2.1.1 (Windows 8.0.0) | Telemetry tests, Telemetry INTERACT | It should return if target spec is invalid]: [39mTypeError: undefined is not a constructor (evaluating 'new UAParser(value)') in http://localhost:8081/base/core/telemetryV3Interface.js?e83395f93be4fa57737eb02c3c56b2592921b61f (line 9)
preprocessor@http://localhost:8081/base/core/telemetryV3Interface.js?e83395f93be4fa57737eb02c3c56b2592921b61f:9:23672
addPreprocessedComponent@http://localhost:8081/base/libs/fingerprint2.min.js?2d7c7b57e6e46b1dff30f86f04761953eebde865:1317:41
chainComponents@http://localhost:8081/base/libs/fingerprint2.min.js?2d7c7b57e6e46b1dff30f86f04761953eebde865:1352:40
get@http://localhost:8081/base/libs/fingerprint2.min.js?2d7c7b57e6e46b1dff30f86f04761953eebde865:1357:22
getV18@http://localhost:8081/base/libs/fingerprint2.min.js?2d7c7b57e6e46b1dff30f86f04761953eebde865:1371:30
getFingerPrint@http://localhost:8081/base/core/telemetryV3Interface.js?e83395f93be4fa57737eb02c3c56b2592921b61f:9:24742
_dispatch@http://localhost:8081/base/core/telemetryV3Interface.js?e83395f93be4fa57737eb02c3c56b2592921b61f:9:15469
interact@http://localhost:8081/base/core/telemetryV3Interface.js?e83395f93be4fa57737eb02c3c56b2592921b61f:9:5351
<Jasmine>
http://localhost:8081/base/test/spec/telemetryV3Interface.spec.js?107c1bfaec2609ce7a1bf88f23d342a48e3c847a:138:58
<Jasmine>
[1A[2K[31mPhantomJS 2.1.1 (Windows 8.0.0) Telemetry tests Telemetry INTERACT It should return if target spec is invalid FAILED[39m
	TypeError: undefined is not a constructor (evaluating 'new UAParser(value)') in core/telemetryV3Interface.js (line 9)
	preprocessor@core/telemetryV3Interface.js:9:23672
	addPreprocessedComponent@libs/fingerprint2.min.js:1317:41
	chainComponents@libs/fingerprint2.min.js:1352:40
	get@libs/fingerprint2.min.js:1357:22
	getV18@libs/fingerprint2.min.js:1371:30
	getFingerPrint@core/telemetryV3Interface.js:9:24742
	_dispatch@core/telemetryV3Interface.js:9:15469
	interact@core/telemetryV3Interface.js:9:5351
	<Jasmine>
	test/spec/telemetryV3Interface.spec.js:138:58
	<Jasmine>
PhantomJS 2.1.1 (Windows 8.0.0): Executed 41 of 64[31m (31 FAILED)[39m (0 secs / 0.446 secs)
[91m14 03 2019 17:06:05.883:ERROR [PhantomJS 2.1.1 (Windows 8.0.0) | Telemetry tests, Telemetry INTERACT | It should return if the required data is unavailable]: [39mTypeError: undefined is not a constructor (evaluating 'new UAParser(value)') in http://localhost:8081/base/core/telemetryV3Interface.js?e83395f93be4fa57737eb02c3c56b2592921b61f (line 9)
preprocessor@http://localhost:8081/base/core/telemetryV3Interface.js?e83395f93be4fa57737eb02c3c56b2592921b61f:9:23672
addPreprocessedComponent@http://localhost:8081/base/libs/fingerprint2.min.js?2d7c7b57e6e46b1dff30f86f04761953eebde865:1317:41
chainComponents@http://localhost:8081/base/libs/fingerprint2.min.js?2d7c7b57e6e46b1dff30f86f04761953eebde865:1352:40
get@http://localhost:8081/base/libs/fingerprint2.min.js?2d7c7b57e6e46b1dff30f86f04761953eebde865:1357:22
getV18@http://localhost:8081/base/libs/fingerprint2.min.js?2d7c7b57e6e46b1dff30f86f04761953eebde865:1371:30
getFingerPrint@http://localhost:8081/base/core/telemetryV3Interface.js?e83395f93be4fa57737eb02c3c56b2592921b61f:9:24742
_dispatch@http://localhost:8081/base/core/telemetryV3Interface.js?e83395f93be4fa57737eb02c3c56b2592921b61f:9:15469
interact@http://localhost:8081/base/core/telemetryV3Interface.js?e83395f93be4fa57737eb02c3c56b2592921b61f:9:5351
<Jasmine>
http://localhost:8081/base/test/spec/telemetryV3Interface.spec.js?107c1bfaec2609ce7a1bf88f23d342a48e3c847a:131:58
<Jasmine>
[1A[2K[31mPhantomJS 2.1.1 (Windows 8.0.0) Telemetry tests Telemetry INTERACT It should return if the required data is unavailable FAILED[39m
	TypeError: undefined is not a constructor (evaluating 'new UAParser(value)') in core/telemetryV3Interface.js (line 9)
	preprocessor@core/telemetryV3Interface.js:9:23672
	addPreprocessedComponent@libs/fingerprint2.min.js:1317:41
	chainComponents@libs/fingerprint2.min.js:1352:40
	get@libs/fingerprint2.min.js:1357:22
	getV18@libs/fingerprint2.min.js:1371:30
	getFingerPrint@core/telemetryV3Interface.js:9:24742
	_dispatch@core/telemetryV3Interface.js:9:15469
	interact@core/telemetryV3Interface.js:9:5351
	<Jasmine>
	test/spec/telemetryV3Interface.spec.js:131:58
	<Jasmine>
PhantomJS 2.1.1 (Windows 8.0.0): Executed 42 of 64[31m (32 FAILED)[39m (0 secs / 0.456 secs)
[91m14 03 2019 17:06:05.883:ERROR [PhantomJS 2.1.1 (Windows 8.0.0) | Telemetry tests, Telemetry INTERACT | It should invoke interact]: [39mTypeError: undefined is not a constructor (evaluating 'new UAParser(value)') in http://localhost:8081/base/core/telemetryV3Interface.js?e83395f93be4fa57737eb02c3c56b2592921b61f (line 9)
preprocessor@http://localhost:8081/base/core/telemetryV3Interface.js?e83395f93be4fa57737eb02c3c56b2592921b61f:9:23672
addPreprocessedComponent@http://localhost:8081/base/libs/fingerprint2.min.js?2d7c7b57e6e46b1dff30f86f04761953eebde865:1317:41
chainComponents@http://localhost:8081/base/libs/fingerprint2.min.js?2d7c7b57e6e46b1dff30f86f04761953eebde865:1352:40
get@http://localhost:8081/base/libs/fingerprint2.min.js?2d7c7b57e6e46b1dff30f86f04761953eebde865:1357:22
getV18@http://localhost:8081/base/libs/fingerprint2.min.js?2d7c7b57e6e46b1dff30f86f04761953eebde865:1371:30
getFingerPrint@http://localhost:8081/base/core/telemetryV3Interface.js?e83395f93be4fa57737eb02c3c56b2592921b61f:9:24742
_dispatch@http://localhost:8081/base/core/telemetryV3Interface.js?e83395f93be4fa57737eb02c3c56b2592921b61f:9:15469
interact@http://localhost:8081/base/core/telemetryV3Interface.js?e83395f93be4fa57737eb02c3c56b2592921b61f:9:5351
<Jasmine>
http://localhost:8081/base/test/spec/telemetryV3Interface.spec.js?107c1bfaec2609ce7a1bf88f23d342a48e3c847a:125:34
<Jasmine>
[1A[2K[31mPhantomJS 2.1.1 (Windows 8.0.0) Telemetry tests Telemetry INTERACT It should invoke interact FAILED[39m
	TypeError: undefined is not a constructor (evaluating 'new UAParser(value)') in core/telemetryV3Interface.js (line 9)
	preprocessor@core/telemetryV3Interface.js:9:23672
	addPreprocessedComponent@libs/fingerprint2.min.js:1317:41
	chainComponents@libs/fingerprint2.min.js:1352:40
	get@libs/fingerprint2.min.js:1357:22
	getV18@libs/fingerprint2.min.js:1371:30
	getFingerPrint@core/telemetryV3Interface.js:9:24742
	_dispatch@core/telemetryV3Interface.js:9:15469
	interact@core/telemetryV3Interface.js:9:5351
	<Jasmine>
	test/spec/telemetryV3Interface.spec.js:125:34
	<Jasmine>
PhantomJS 2.1.1 (Windows 8.0.0): Executed 43 of 64[31m (33 FAILED)[39m (0 secs / 0.466 secs)
[91m14 03 2019 17:06:05.883:ERROR [PhantomJS 2.1.1 (Windows 8.0.0) | Telemetry tests, Telemetry INTERACT | It should return if plugin spec is invalid]: [39mTypeError: undefined is not a constructor (evaluating 'new UAParser(value)') in http://localhost:8081/base/core/telemetryV3Interface.js?e83395f93be4fa57737eb02c3c56b2592921b61f (line 9)
preprocessor@http://localhost:8081/base/core/telemetryV3Interface.js?e83395f93be4fa57737eb02c3c56b2592921b61f:9:23672
addPreprocessedComponent@http://localhost:8081/base/libs/fingerprint2.min.js?2d7c7b57e6e46b1dff30f86f04761953eebde865:1317:41
chainComponents@http://localhost:8081/base/libs/fingerprint2.min.js?2d7c7b57e6e46b1dff30f86f04761953eebde865:1352:40
get@http://localhost:8081/base/libs/fingerprint2.min.js?2d7c7b57e6e46b1dff30f86f04761953eebde865:1357:22
getV18@http://localhost:8081/base/libs/fingerprint2.min.js?2d7c7b57e6e46b1dff30f86f04761953eebde865:1371:30
getFingerPrint@http://localhost:8081/base/core/telemetryV3Interface.js?e83395f93be4fa57737eb02c3c56b2592921b61f:9:24742
_dispatch@http://localhost:8081/base/core/telemetryV3Interface.js?e83395f93be4fa57737eb02c3c56b2592921b61f:9:15469
interact@http://localhost:8081/base/core/telemetryV3Interface.js?e83395f93be4fa57737eb02c3c56b2592921b61f:9:5351
<Jasmine>
http://localhost:8081/base/test/spec/telemetryV3Interface.spec.js?107c1bfaec2609ce7a1bf88f23d342a48e3c847a:146:58
<Jasmine>
[1A[2K[31mPhantomJS 2.1.1 (Windows 8.0.0) Telemetry tests Telemetry INTERACT It should return if plugin spec is invalid FAILED[39m
	TypeError: undefined is not a constructor (evaluating 'new UAParser(value)') in core/telemetryV3Interface.js (line 9)
	preprocessor@core/telemetryV3Interface.js:9:23672
	addPreprocessedComponent@libs/fingerprint2.min.js:1317:41
	chainComponents@libs/fingerprint2.min.js:1352:40
	get@libs/fingerprint2.min.js:1357:22
	getV18@libs/fingerprint2.min.js:1371:30
	getFingerPrint@core/telemetryV3Interface.js:9:24742
	_dispatch@core/telemetryV3Interface.js:9:15469
	interact@core/telemetryV3Interface.js:9:5351
	<Jasmine>
	test/spec/telemetryV3Interface.spec.js:146:58
	<Jasmine>
PhantomJS 2.1.1 (Windows 8.0.0): Executed 44 of 64[31m (34 FAILED)[39m (0 secs / 0.476 secs)
[32m14 03 2019 17:06:05.884:INFO [PhantomJS 2.1.1 (Windows 8.0.0) | Telemetry tests, Telemetry INTERACT | It should set the context, actor,object]: [39mSuccess: 13 ms
[1A[2KPhantomJS 2.1.1 (Windows 8.0.0): Executed 45 of 64[31m (34 FAILED)[39m (0 secs / 0.489 secs)
[32m14 03 2019 17:06:05.895:INFO [PhantomJS 2.1.1 (Windows 8.0.0) | Telemetry tests, Telemetry METRICS | It should log telemetry metrics event]: [39mSuccess: 9 ms
[1A[2KPhantomJS 2.1.1 (Windows 8.0.0): Executed 46 of 64[31m (34 FAILED)[39m (0 secs / 0.498 secs)
[33m14 03 2019 17:06:05.895:WARN [PhantomJS 2.1.1 (Windows 8.0.0) | Telemetry tests, Telemetry START | It should not call init if required dspec is unavailable]: [39mTest skipped
[33m14 03 2019 17:06:05.899:WARN [PhantomJS 2.1.1 (Windows 8.0.0) | Telemetry tests, Telemetry START | It should not call init if pdata spec is invalid in config]: [39mTest skipped
[33m14 03 2019 17:06:05.900:WARN [PhantomJS 2.1.1 (Windows 8.0.0) | Telemetry tests, Telemetry START | It should not call init if object spec is invalid in config]: [39mTest skipped
[33m14 03 2019 17:06:05.900:WARN [PhantomJS 2.1.1 (Windows 8.0.0) | Telemetry tests, Telemetry START | It should not call init if required data is unavailable]: [39mTest skipped
[33m14 03 2019 17:06:05.900:WARN [PhantomJS 2.1.1 (Windows 8.0.0) | Telemetry tests, Telemetry START | It should invoke init]: [39mTest skipped
[32m14 03 2019 17:06:05.921:INFO [PhantomJS 2.1.1 (Windows 8.0.0) | Telemetry tests, Telemetry START | It should invoke init when running in server sid]: [39mSuccess: 11 ms
[1A[2KPhantomJS 2.1.1 (Windows 8.0.0): Executed 47 of 64[31m (34 FAILED)[39m (skipped 5) (0 secs / 0.509 secs)
[32m14 03 2019 17:06:05.921:INFO [PhantomJS 2.1.1 (Windows 8.0.0) | Telemetry tests, Telemetry START | It should not generate a finger print when did value is present]: [39mSuccess: 10 ms
[1A[2KPhantomJS 2.1.1 (Windows 8.0.0): Executed 48 of 64[31m (34 FAILED)[39m (skipped 5) (0 secs / 0.519 secs)
[32m14 03 2019 17:06:05.944:INFO [PhantomJS 2.1.1 (Windows 8.0.0) | Telemetry tests, Telemetry HEARTBEAT | It should log telemetry heartbeat event]: [39mSuccess: 10 ms
[1A[2KPhantomJS 2.1.1 (Windows 8.0.0): Executed 49 of 64[31m (34 FAILED)[39m (skipped 5) (0 secs / 0.529 secs)
[32m14 03 2019 17:06:05.944:INFO [PhantomJS 2.1.1 (Windows 8.0.0) | Telemetry tests, Telemetry SEARCH | It should return if the required data is unavailable]: [39mSuccess: 10 ms
[1A[2KPhantomJS 2.1.1 (Windows 8.0.0): Executed 50 of 64[31m (34 FAILED)[39m (skipped 5) (0 secs / 0.539 secs)
[32m14 03 2019 17:06:05.977:INFO [PhantomJS 2.1.1 (Windows 8.0.0) | Telemetry tests, Telemetry SEARCH | It should log telemetry search event]: [39mSuccess: 11 ms
[1A[2KPhantomJS 2.1.1 (Windows 8.0.0): Executed 51 of 64[31m (34 FAILED)[39m (skipped 5) (0 secs / 0.55 secs)
[32m14 03 2019 17:06:05.977:INFO [PhantomJS 2.1.1 (Windows 8.0.0) | Telemetry tests, Invoke initialization | It should set config to empty,]: [39mSuccess: 9 ms
[1A[2KPhantomJS 2.1.1 (Windows 8.0.0): Executed 52 of 64[31m (34 FAILED)[39m (skipped 5) (0 secs / 0.559 secs)
[32m14 03 2019 17:06:05.977:INFO [PhantomJS 2.1.1 (Windows 8.0.0) | Telemetry tests, Invoke initialization | It should not initialize when required pdata is not present,]: [39mSuccess: 11 ms
[1A[2KPhantomJS 2.1.1 (Windows 8.0.0): Executed 53 of 64[31m (34 FAILED)[39m (skipped 5) (0 secs / 0.57 secs)
[32m14 03 2019 17:06:06.005:INFO [PhantomJS 2.1.1 (Windows 8.0.0) | Telemetry tests, Invoke initialization | It should not invoke initialize, when invalid pdata]: [39mSuccess: 8 ms
[1A[2KPhantomJS 2.1.1 (Windows 8.0.0): Executed 54 of 64[31m (34 FAILED)[39m (skipped 5) (0 secs / 0.578 secs)
[32m14 03 2019 17:06:06.006:INFO [PhantomJS 2.1.1 (Windows 8.0.0) | Telemetry tests, Invoke initialization | It should default batchsize and ruuningEnv,]: [39mSuccess: 9 ms
[1A[2KPhantomJS 2.1.1 (Windows 8.0.0): Executed 55 of 64[31m (34 FAILED)[39m (skipped 5) (0 secs / 0.587 secs)
[32m14 03 2019 17:06:06.006:INFO [PhantomJS 2.1.1 (Windows 8.0.0) | Telemetry tests, Invoke initialization | It should not invoke initialize, when invalid object]: [39mSuccess: 8 ms
[1A[2KPhantomJS 2.1.1 (Windows 8.0.0): Executed 56 of 64[31m (34 FAILED)[39m (skipped 5) (0 secs / 0.595 secs)
[32m14 03 2019 17:06:06.035:INFO [PhantomJS 2.1.1 (Windows 8.0.0) | Telemetry tests, Invoke initialization | It should invoke initialize, when invalid object]: [39mSuccess: 9 ms
[1A[2KPhantomJS 2.1.1 (Windows 8.0.0): Executed 57 of 64[31m (34 FAILED)[39m (skipped 5) (0 secs / 0.604 secs)
[32m14 03 2019 17:06:06.035:INFO [PhantomJS 2.1.1 (Windows 8.0.0) | Telemetry tests, Invoke initialization | It should not initialize the telemetry if it is already initialized]: [39mSuccess: 9 ms
[1A[2KPhantomJS 2.1.1 (Windows 8.0.0): Executed 58 of 64[31m (34 FAILED)[39m (skipped 5) (0 secs / 0.613 secs)
[32m14 03 2019 17:06:06.035:INFO [PhantomJS 2.1.1 (Windows 8.0.0) | Telemetry tests, Invoke initialization | It should not invoke initialize, when requiredData is not passed]: [39mSuccess: 9 ms
[1A[2KPhantomJS 2.1.1 (Windows 8.0.0): Executed 59 of 64[31m (34 FAILED)[39m (skipped 5) (0 secs / 0.622 secs)
[1A[2KPhantomJS 2.1.1 (Windows 8.0.0): Executed 59 of 64[31m (34 FAILED)[39m (skipped 5) (0.665 secs / 0.622 secs)


[4m[1mSuites and tests results:[22m[24m

 - [1mTelemetry tests[22m :
   - [1mTelemetry ERROR[22m :
     * It should log telemetry error event : [31mfailed[39m
     * It should return if the required data is unavailable : [31mfailed[39m
     * It should return if the plugin spec is invalid : [31mfailed[39m
     * It should return if the object spec is invalid : [31mfailed[39m
   - [1mTelemetry LOG[22m :
     * It should return if the required data is unavailable : [31mfailed[39m
     * It should log telemetry log event : [31mfailed[39m
   - [1mTelemetry AUDIT[22m :
     * It should log telemetry audit event : [31mfailed[39m
     * It should return if the required data is unavailable : [31mfailed[39m
   - [1mTelemetry FEEDBACK[22m :
     * It should log telemetry feedback event : [31mfailed[39m
     * It should take default feedback values : [31mfailed[39m
   - [1mTelemetry SHARE[22m :
     * It should log telemetry share event : [31mfailed[39m
     * It should return if the required data is unavailable : [31mfailed[39m
   - [1mTelemetry INTERRUPT[22m :
     * It should log telemetry interrupt event : [31mfailed[39m
     * It should return if the required data is unavailable : [31mfailed[39m
   - [1mTelemetry END[22m :
     * It should log telemetry END event : [32mok[39m
     * It should not log telemetry END event if start is not happened : [32mok[39m
     * It should not generate Event if the requied data is unavailable : [32mok[39m
   - [1mTelemetry ASSESS[22m :
     * It should invoke assess : [31mfailed[39m
     * It should return if the required data is unavailable : [31mfailed[39m
     * It should return if the question spec is invalid : [31mfailed[39m
   - [1mUtil methods[22m :
     * It should reset the object : [32mok[39m
     * Should validate the getContext : [31mfailed[39m
     * It should return the status of initialization : [31mfailed[39m
     * It should reset the context : [32m2 ok[39m
     * It should generate the did if the did is undefined  : [31mfailed[39m
     * Should not throw an error when module is undefined : [32mok[39m
     * Should reset the actor : [32mok[39m
     * Should reset the tags : [32mok[39m
     * Should be empty, when undefined is passed to reset context : [32mok[39m
     * Should validate the has required data : [31mfailed[39m
   - [1mTelemetry SUMMARY[22m :
     * It should log telemetry metrics event : [31mfailed[39m
     * It should return if the required data is unavailable : [31mfailed[39m
   - [1mTelemetry RESPONSE[22m :
     * It should return if target spec is invalid : [31mfailed[39m
     * It should return if the required data is unavailable : [31mfailed[39m
     * It should log telemetry response event : [31mfailed[39m
   - [1mTelemetry IMPRESSION[22m :
     * It should return if visit spec is invalid : [31mfailed[39m
     * It should return if the required spec is unavailable : [31mfailed[39m
     * It should invoke impression : [31mfailed[39m
   - [1mTelemetry EXDATA[22m :
     * It should log telemetry exdata event : [31mfailed[39m
   - [1mTelemetry INTERACT[22m :
     * It should return if target spec is invalid : [31mfailed[39m
     * It should return if the required data is unavailable : [31mfailed[39m
     * It should invoke interact : [31mfailed[39m
     * It should return if plugin spec is invalid : [31mfailed[39m
     * It should set the context, actor,object : [32mok[39m
   - [1mTelemetry METRICS[22m :
     * It should log telemetry metrics event : [32mok[39m
   - [1mTelemetry START[22m :
     * It should not call init if required dspec is unavailable : [33mskipped[39m
     * It should not call init if pdata spec is invalid in config : [33mskipped[39m
     * It should not call init if object spec is invalid in config : [33mskipped[39m
     * It should not call init if required data is unavailable : [33mskipped[39m
     * It should invoke init : [33mskipped[39m
     * It should invoke init when running in server sid : [32mok[39m
     * It should not generate a finger print when did value is present : [32mok[39m
   - [1mTelemetry HEARTBEAT[22m :
     * It should log telemetry heartbeat event : [32mok[39m
   - [1mTelemetry SEARCH[22m :
     * It should return if the required data is unavailable : [32mok[39m
     * It should log telemetry search event : [32mok[39m
   - [1mInvoke initialization[22m :
     * It should set config to empty, : [32mok[39m
     * It should not initialize when required pdata is not present, : [32mok[39m
     * It should not invoke initialize, when invalid pdata : [32mok[39m
     * It should default batchsize and ruuningEnv, : [32mok[39m
     * It should not invoke initialize, when invalid object : [32mok[39m
     * It should invoke initialize, when invalid object : [32mok[39m
     * It should not initialize the telemetry if it is already initialized : [32mok[39m
     * It should not invoke initialize, when requiredData is not passed : [32mok[39m

[4m[1mBrowser results:[22m[24m

 - [1mPhantomJS 2.1.1 (Windows 8.0.0)[22m: 64 tests
   - [32m25 ok[39m, [31m34 failed[39m, [33m5 skipped[39m

[31mTOTAL: 34 FAILED, 25 SUCCESS[39m
