TN:
SF:D:\projects\TennisPlatform\git\sunbird-telemetry-sdk\js\core\telemetryV3Interface.js
FN:17,(anonymous_1)
FN:29,(anonymous_2)
FN:30,(anonymous_3)
FN:31,(anonymous_4)
FN:76,(anonymous_5)
FN:89,(anonymous_6)
FN:111,(anonymous_7)
FN:121,(anonymous_8)
FN:131,(anonymous_9)
FN:141,(anonymous_10)
FN:151,(anonymous_11)
FN:161,(anonymous_12)
FN:175,(anonymous_13)
FN:185,(anonymous_14)
FN:195,(anonymous_15)
FN:205,(anonymous_16)
FN:215,(anonymous_17)
FN:225,(anonymous_18)
FN:235,(anonymous_19)
FN:245,(anonymous_20)
FN:255,(anonymous_21)
FN:265,(anonymous_22)
FN:280,(anonymous_23)
FN:288,(anonymous_24)
FN:296,(anonymous_25)
FN:304,(anonymous_26)
FN:313,(anonymous_27)
FN:317,(anonymous_28)
FN:330,(anonymous_29)
FN:353,(anonymous_30)
FN:393,(anonymous_31)
FN:410,(anonymous_32)
FN:427,(anonymous_33)
FN:435,(anonymous_34)
FN:445,(anonymous_35)
FN:460,(anonymous_36)
FN:481,(anonymous_37)
FN:482,(anonymous_38)
FN:503,(anonymous_39)
FN:558,(anonymous_40)
FNF:40
FNH:35
FNDA:41,(anonymous_1)
FNDA:1,(anonymous_2)
FNDA:0,(anonymous_3)
FNDA:0,(anonymous_4)
FNDA:7,(anonymous_5)
FNDA:4,(anonymous_6)
FNDA:3,(anonymous_7)
FNDA:5,(anonymous_8)
FNDA:3,(anonymous_9)
FNDA:3,(anonymous_10)
FNDA:2,(anonymous_11)
FNDA:2,(anonymous_12)
FNDA:2,(anonymous_13)
FNDA:2,(anonymous_14)
FNDA:4,(anonymous_15)
FNDA:2,(anonymous_16)
FNDA:2,(anonymous_17)
FNDA:2,(anonymous_18)
FNDA:1,(anonymous_19)
FNDA:1,(anonymous_20)
FNDA:3,(anonymous_21)
FNDA:3,(anonymous_22)
FNDA:1,(anonymous_23)
FNDA:3,(anonymous_24)
FNDA:1,(anonymous_25)
FNDA:1,(anonymous_26)
FNDA:2,(anonymous_27)
FNDA:0,(anonymous_28)
FNDA:8,(anonymous_29)
FNDA:41,(anonymous_30)
FNDA:41,(anonymous_31)
FNDA:7,(anonymous_32)
FNDA:41,(anonymous_33)
FNDA:41,(anonymous_34)
FNDA:41,(anonymous_35)
FNDA:164,(anonymous_36)
FNDA:1,(anonymous_37)
FNDA:212,(anonymous_38)
FNDA:0,(anonymous_39)
FNDA:0,(anonymous_40)
DA:8,1
DA:9,0
DA:16,1
DA:18,41
DA:21,41
DA:23,0
DA:29,1
DA:30,1
DA:31,1
DA:32,1
DA:33,1
DA:34,1
DA:35,1
DA:36,1
DA:37,1
DA:38,1
DA:57,1
DA:66,1
DA:67,1
DA:68,1
DA:69,1
DA:70,1
DA:76,1
DA:77,7
DA:89,1
DA:90,4
DA:91,4
DA:92,4
DA:93,4
DA:96,4
DA:97,1
DA:100,4
DA:101,4
DA:102,4
DA:103,4
DA:111,1
DA:112,3
DA:113,3
DA:121,1
DA:122,5
DA:123,5
DA:131,1
DA:132,3
DA:133,3
DA:141,1
DA:142,3
DA:143,3
DA:151,1
DA:152,2
DA:153,2
DA:161,1
DA:162,2
DA:166,2
DA:167,2
DA:175,1
DA:176,2
DA:177,2
DA:185,1
DA:186,2
DA:187,2
DA:195,1
DA:196,4
DA:197,4
DA:205,1
DA:206,2
DA:207,2
DA:215,1
DA:216,2
DA:217,2
DA:225,1
DA:226,2
DA:227,2
DA:235,1
DA:236,1
DA:237,1
DA:245,1
DA:246,1
DA:247,1
DA:255,1
DA:256,3
DA:257,3
DA:265,1
DA:266,3
DA:267,0
DA:268,0
DA:269,0
DA:270,0
DA:272,3
DA:280,1
DA:281,1
DA:288,1
DA:289,3
DA:296,1
DA:297,1
DA:305,1
DA:313,1
DA:314,2
DA:317,1
DA:318,0
DA:319,0
DA:330,1
DA:331,8
DA:332,1
DA:333,1
DA:334,7
DA:335,7
DA:336,7
DA:337,7
DA:338,7
DA:339,0
DA:341,7
DA:342,7
DA:343,7
DA:344,7
DA:345,7
DA:346,7
DA:353,1
DA:354,41
DA:355,41
DA:356,0
DA:357,0
DA:358,0
DA:359,0
DA:360,0
DA:363,41
DA:364,6
DA:365,6
DA:372,1
DA:373,1
DA:374,1
DA:376,5
DA:377,5
DA:380,0
DA:383,35
DA:393,1
DA:394,41
DA:395,41
DA:396,41
DA:397,41
DA:398,41
DA:399,41
DA:400,41
DA:401,41
DA:402,41
DA:403,41
DA:410,1
DA:411,7
DA:412,7
DA:413,7
DA:414,7
DA:415,7
DA:416,7
DA:417,7
DA:418,7
DA:427,1
DA:428,41
DA:435,1
DA:436,41
DA:445,1
DA:446,41
DA:447,24
DA:448,24
DA:449,24
DA:450,24
DA:451,24
DA:460,1
DA:461,164
DA:463,41
DA:464,0
DA:466,41
DA:467,0
DA:469,41
DA:470,0
DA:472,41
DA:473,0
DA:481,1
DA:482,1
DA:484,212
DA:485,0
DA:488,212
DA:489,212
DA:490,376
DA:491,376
DA:492,369
DA:493,968
DA:494,968
DA:499,212
DA:502,1
DA:504,0
DA:509,0
DA:511,0
DA:558,1
DA:564,1
DA:565,1
DA:568,1
DA:576,1
DA:583,1
DA:584,0
LF:198
LH:174
BRDA:8,1,0,0
BRDA:8,1,1,1
BRDA:18,2,0,41
BRDA:18,2,1,0
BRDA:90,3,0,4
BRDA:90,3,1,4
BRDA:91,4,0,4
BRDA:91,4,1,0
BRDA:91,5,0,4
BRDA:91,5,1,4
BRDA:96,6,0,1
BRDA:96,6,1,3
BRDA:96,7,0,4
BRDA:96,7,1,1
BRDA:164,8,0,2
BRDA:164,8,1,2
BRDA:266,9,0,0
BRDA:266,9,1,3
BRDA:289,10,0,3
BRDA:289,10,1,1
BRDA:297,11,0,1
BRDA:297,11,1,0
BRDA:305,12,0,1
BRDA:305,12,1,0
BRDA:314,13,0,2
BRDA:314,13,1,0
BRDA:318,14,0,0
BRDA:318,14,1,0
BRDA:331,15,0,1
BRDA:331,15,1,7
BRDA:334,16,0,7
BRDA:334,16,1,1
BRDA:335,17,0,7
BRDA:335,17,1,1
BRDA:336,18,0,7
BRDA:336,18,1,1
BRDA:337,19,0,7
BRDA:337,19,1,3
BRDA:338,20,0,0
BRDA:338,20,1,7
BRDA:341,21,0,3
BRDA:341,21,1,4
BRDA:341,22,0,0
BRDA:341,22,1,3
BRDA:341,23,0,0
BRDA:341,23,1,3
BRDA:344,24,0,0
BRDA:344,24,1,7
BRDA:355,25,0,0
BRDA:355,25,1,41
BRDA:358,26,0,0
BRDA:358,26,1,0
BRDA:363,27,0,6
BRDA:363,27,1,35
BRDA:364,28,0,6
BRDA:364,28,1,0
BRDA:365,29,0,1
BRDA:365,29,1,5
BRDA:398,30,0,41
BRDA:398,30,1,7
BRDA:411,31,0,7
BRDA:411,31,1,5
BRDA:412,32,0,7
BRDA:412,32,1,3
BRDA:413,33,0,7
BRDA:413,33,1,3
BRDA:414,34,0,7
BRDA:414,34,1,3
BRDA:415,35,0,7
BRDA:415,35,1,0
BRDA:416,36,0,7
BRDA:416,36,1,3
BRDA:417,37,0,7
BRDA:417,37,1,3
BRDA:418,38,0,7
BRDA:418,38,1,4
BRDA:446,39,0,24
BRDA:446,39,1,17
BRDA:447,40,0,24
BRDA:447,40,1,1
BRDA:448,41,0,24
BRDA:448,41,1,1
BRDA:449,42,0,24
BRDA:449,42,1,1
BRDA:450,43,0,24
BRDA:450,43,1,1
BRDA:451,44,0,24
BRDA:451,44,1,1
BRDA:461,45,0,41
BRDA:461,45,1,41
BRDA:461,45,2,41
BRDA:461,45,3,41
BRDA:463,46,0,41
BRDA:463,46,1,16
BRDA:466,47,0,41
BRDA:466,47,1,16
BRDA:469,48,0,41
BRDA:469,48,1,16
BRDA:472,49,0,41
BRDA:472,49,1,16
BRDA:484,50,0,0
BRDA:484,50,1,212
BRDA:491,51,0,369
BRDA:491,51,1,7
BRDA:493,52,0,968
BRDA:493,52,1,0
BRDA:504,53,0,0
BRDA:504,53,1,0
BRDA:564,54,0,1
BRDA:564,54,1,0
BRDA:583,55,0,0
BRDA:583,55,1,1
BRF:112
BRH:88
end_of_record
TN:
SF:D:\projects\TennisPlatform\git\sunbird-telemetry-sdk\js\core\telemetrySyncManager.js
FN:16,(anonymous_1)
FN:20,(anonymous_2)
FN:29,(anonymous_3)
FN:32,(anonymous_4)
FN:82,(anonymous_5)
FNF:5
FNH:3
FNDA:1,(anonymous_1)
FNDA:41,(anonymous_2)
FNDA:0,(anonymous_3)
FNDA:4,(anonymous_4)
FNDA:0,(anonymous_5)
DA:8,1
DA:17,1
DA:18,1
DA:21,41
DA:22,41
DA:23,41
DA:24,41
DA:25,41
DA:26,4
DA:30,0
DA:33,4
DA:34,4
DA:35,4
DA:36,4
DA:42,4
DA:43,4
DA:44,4
DA:46,4
DA:66,4
DA:67,4
DA:68,0
DA:69,0
DA:70,0
DA:71,0
DA:75,4
DA:76,4
DA:77,0
DA:80,4
DA:81,4
DA:82,4
DA:83,0
DA:84,0
DA:88,0
DA:89,0
DA:90,0
DA:92,0
DA:97,4
DA:100,1
DA:101,1
LF:39
LH:27
BRDA:25,1,0,4
BRDA:25,1,1,37
BRDA:25,2,0,41
BRDA:25,2,1,41
BRDA:33,3,0,4
BRDA:33,3,1,0
BRDA:43,4,0,4
BRDA:43,4,1,0
BRDA:67,5,0,0
BRDA:67,5,1,4
BRDA:70,6,0,0
BRDA:70,6,1,0
BRDA:76,7,0,0
BRDA:76,7,1,4
BRDA:76,8,0,4
BRDA:76,8,1,0
BRDA:83,9,0,0
BRDA:83,9,1,0
BRDA:89,10,0,0
BRDA:89,10,1,0
BRDA:100,11,0,1
BRDA:100,11,1,0
BRF:22
BRH:10
end_of_record
